SF:lib\main.dart
DA:40,0
DA:41,0
DA:42,0
DA:45,15
DA:48,49
DA:51,0
DA:53,0
DA:55,0
DA:71,0
DA:73,0
DA:74,0
DA:75,0
DA:76,0
DA:77,0
DA:78,0
DA:79,0
DA:80,0
DA:82,0
DA:83,0
DA:84,0
DA:85,0
DA:86,0
DA:87,0
DA:88,0
DA:89,0
DA:90,0
DA:91,0
DA:92,0
DA:93,0
DA:94,0
DA:95,0
DA:96,0
DA:97,0
DA:98,0
DA:99,0
DA:100,0
DA:101,0
DA:102,0
DA:103,0
DA:104,0
DA:105,0
DA:106,0
DA:111,0
DA:112,0
DA:113,0
DA:114,0
DA:115,0
DA:116,0
DA:117,0
DA:118,0
DA:119,0
DA:120,0
DA:122,0
DA:125,0
DA:126,0
DA:127,0
DA:128,0
DA:129,0
DA:130,0
DA:131,0
DA:133,0
DA:134,0
DA:135,0
DA:136,0
DA:137,0
DA:138,0
DA:142,0
DA:147,0
DA:156,2
DA:169,2
DA:170,2
DA:176,2
DA:177,4
DA:183,4
DA:187,2
DA:195,2
DA:196,2
DA:200,6
DA:203,6
DA:205,2
DA:208,2
DA:223,2
DA:225,2
DA:226,4
DA:227,6
DA:232,2
DA:233,2
LF:87
LH:21
end_of_record
SF:lib\user\userLogin_screen.dart
DA:8,53
DA:10,4
DA:11,4
DA:19,1
DA:20,3
DA:21,2
DA:23,3
DA:25,2
DA:26,3
DA:31,1
DA:32,2
DA:33,1
DA:34,2
DA:37,2
DA:38,0
DA:39,0
DA:43,0
DA:44,0
DA:45,0
DA:48,0
DA:49,0
DA:50,0
DA:51,0
DA:52,0
DA:53,0
DA:57,0
DA:61,0
DA:64,0
DA:66,2
DA:67,0
DA:69,0
DA:72,3
DA:73,3
DA:78,0
DA:80,0
DA:81,0
DA:82,0
DA:83,0
DA:84,0
DA:85,0
DA:86,0
DA:87,0
DA:90,0
DA:91,0
DA:92,0
DA:93,0
DA:96,0
DA:97,0
DA:99,0
DA:102,4
DA:103,4
DA:109,4
DA:110,4
DA:113,4
DA:114,4
DA:117,4
DA:118,4
DA:124,4
DA:126,4
DA:127,4
DA:135,4
DA:136,4
DA:137,4
DA:138,4
DA:139,4
DA:140,4
DA:142,4
DA:144,4
DA:161,4
DA:162,4
DA:163,4
DA:168,4
DA:169,4
DA:171,4
DA:174,4
DA:175,1
DA:177,1
DA:179,1
DA:180,1
DA:185,4
DA:186,4
DA:188,4
DA:189,2
DA:190,2
DA:197,4
DA:198,4
DA:200,4
DA:201,4
DA:202,4
DA:203,4
DA:207,4
DA:208,4
DA:216,4
DA:217,4
DA:227,4
DA:228,4
DA:230,4
DA:231,4
DA:232,4
DA:233,4
DA:237,4
DA:238,4
DA:250,4
DA:252,4
DA:253,4
DA:258,4
DA:259,4
LF:107
LH:75
end_of_record
SF:lib\main_container.dart
DA:15,200
DA:20,2
DA:21,2
DA:41,2
DA:43,2
DA:46,2
DA:49,2
DA:51,2
DA:54,4
DA:55,6
DA:56,3
DA:57,2
DA:58,1
DA:63,1
DA:64,2
DA:68,1
DA:70,2
DA:74,0
DA:75,0
DA:76,0
DA:77,0
DA:82,2
DA:83,2
DA:84,2
DA:87,4
DA:89,4
DA:90,2
DA:91,6
DA:95,2
DA:96,4
DA:99,2
DA:102,2
DA:107,6
DA:114,4
DA:123,2
DA:126,2
DA:127,2
DA:129,2
DA:131,10
DA:132,4
DA:133,4
DA:140,2
DA:141,2
DA:143,1
DA:144,1
DA:150,1
DA:151,1
DA:154,0
DA:159,2
DA:160,2
DA:162,2
DA:163,2
DA:164,2
DA:165,2
DA:171,4
DA:172,6
DA:173,6
DA:174,6
DA:175,6
DA:176,6
DA:177,6
DA:178,6
DA:179,6
DA:188,0
DA:189,0
DA:190,0
DA:195,0
DA:200,0
DA:204,4
DA:213,2
DA:215,4
DA:216,2
DA:219,1
DA:221,1
DA:222,0
DA:227,1
DA:228,1
DA:230,5
DA:231,0
DA:232,0
DA:238,1
DA:240,2
DA:241,1
DA:243,2
DA:251,2
DA:253,2
DA:254,4
DA:255,2
DA:257,2
DA:258,1
DA:260,1
DA:262,2
DA:263,1
DA:267,2
DA:269,2
DA:274,2
DA:275,2
DA:291,0
DA:293,0
DA:295,0
DA:298,0
DA:300,0
DA:301,0
DA:303,0
LF:104
LH:84
end_of_record
SF:lib\user\userRegistration_screen.dart
DA:5,53
DA:7,3
DA:8,3
DA:27,1
DA:28,2
DA:29,1
DA:30,3
DA:31,3
DA:32,3
DA:33,3
DA:34,3
DA:38,1
DA:39,3
DA:40,3
DA:41,3
DA:42,2
DA:43,2
DA:45,5
DA:46,3
DA:50,2
DA:51,1
DA:52,2
DA:55,1
DA:57,1
DA:58,3
DA:62,5
DA:63,3
DA:67,1
DA:68,1
DA:69,1
DA:70,2
DA:71,1
DA:72,3
DA:73,3
DA:74,3
DA:75,2
DA:76,2
DA:83,3
DA:84,3
DA:90,3
DA:91,3
DA:94,3
DA:95,3
DA:98,3
DA:99,3
DA:105,3
DA:112,3
DA:116,3
DA:117,3
DA:121,3
DA:122,3
DA:124,3
DA:125,6
DA:126,6
DA:127,6
DA:128,6
DA:129,6
DA:134,3
DA:135,3
DA:136,3
DA:137,3
DA:143,6
DA:148,3
DA:150,3
DA:152,3
DA:160,3
DA:161,3
DA:162,3
DA:172,3
DA:173,3
DA:174,3
DA:176,3
DA:178,3
DA:179,3
DA:180,3
DA:193,6
DA:195,6
DA:196,3
DA:197,1
DA:204,3
DA:205,6
DA:206,3
DA:207,3
DA:209,3
DA:211,3
DA:213,3
DA:214,3
DA:215,3
DA:216,3
DA:218,3
DA:221,6
DA:222,1
DA:224,1
DA:225,1
DA:229,3
DA:230,3
DA:231,3
DA:232,3
DA:233,0
DA:234,3
DA:235,3
DA:236,6
DA:242,3
DA:243,3
DA:244,3
DA:245,3
DA:247,6
LF:107
LH:106
end_of_record
SF:lib\user\userOTPVerification_screen.dart
DA:8,2
DA:10,2
DA:11,2
DA:26,2
DA:28,2
DA:29,10
DA:30,4
DA:31,0
DA:32,0
DA:37,0
DA:38,0
DA:39,0
DA:40,0
DA:41,0
DA:42,0
DA:44,0
DA:45,0
DA:46,0
DA:47,0
DA:52,0
DA:53,0
DA:54,0
DA:55,0
DA:60,0
DA:61,0
DA:62,0
DA:63,0
DA:68,0
DA:70,0
DA:71,0
DA:72,0
DA:73,0
DA:77,0
DA:78,0
DA:79,0
DA:80,0
DA:89,0
DA:90,0
DA:91,0
DA:92,0
DA:93,0
DA:94,0
DA:95,0
DA:97,0
DA:99,0
DA:100,0
DA:101,0
DA:105,0
DA:106,0
DA:109,0
DA:113,0
DA:114,0
DA:115,0
DA:116,0
DA:117,0
DA:118,0
DA:119,0
DA:120,0
DA:123,0
DA:127,0
DA:128,0
DA:129,0
DA:131,0
DA:132,0
DA:133,0
DA:134,0
DA:140,0
DA:141,0
DA:142,0
DA:143,0
DA:146,0
DA:147,0
DA:149,0
DA:150,0
DA:153,0
DA:157,2
DA:158,2
DA:164,2
DA:165,2
DA:168,2
DA:169,2
DA:172,2
DA:173,2
DA:179,2
DA:181,4
DA:182,4
DA:183,4
DA:184,2
DA:187,2
DA:189,2
DA:191,2
DA:199,2
DA:200,2
DA:201,2
DA:211,2
DA:212,2
DA:213,2
DA:215,2
DA:217,2
DA:232,2
DA:233,2
DA:235,2
DA:239,2
DA:240,2
DA:241,2
DA:242,2
DA:243,2
DA:244,2
DA:245,2
DA:251,2
DA:252,8
DA:253,2
DA:254,6
DA:255,0
DA:258,4
DA:260,2
DA:261,2
DA:262,0
DA:263,2
DA:271,4
DA:272,0
DA:274,0
DA:276,4
DA:277,0
DA:279,0
DA:281,2
DA:282,2
DA:283,2
DA:284,2
DA:285,0
DA:286,2
DA:287,2
DA:288,4
DA:294,2
DA:295,2
DA:296,2
DA:297,2
DA:299,4
LF:138
LH:63
end_of_record
SF:lib\user\userForgetPasswordReq_screen.dart
DA:9,54
DA:11,2
DA:12,2
DA:27,1
DA:29,1
DA:30,2
DA:31,0
DA:32,0
DA:37,1
DA:39,2
DA:40,2
DA:41,2
DA:42,1
DA:43,1
DA:46,0
DA:47,0
DA:48,0
DA:49,0
DA:50,0
DA:53,0
DA:54,0
DA:55,0
DA:56,0
DA:58,0
DA:60,0
DA:61,0
DA:67,0
DA:68,0
DA:69,0
DA:70,0
DA:74,0
DA:76,0
DA:77,0
DA:78,0
DA:82,0
DA:83,0
DA:84,0
DA:85,0
DA:88,0
DA:89,0
DA:90,0
DA:92,0
DA:93,0
DA:96,0
DA:98,0
DA:102,0
DA:103,0
DA:104,0
DA:106,0
DA:107,0
DA:108,0
DA:114,0
DA:115,0
DA:116,0
DA:117,0
DA:120,0
DA:121,0
DA:125,0
DA:126,0
DA:129,0
DA:133,1
DA:134,1
DA:140,1
DA:141,1
DA:144,1
DA:145,1
DA:148,1
DA:149,1
DA:155,1
DA:157,1
DA:159,1
DA:167,1
DA:168,1
DA:169,1
DA:183,1
DA:184,1
DA:185,1
DA:187,1
DA:189,1
DA:190,1
DA:191,1
DA:207,1
DA:208,1
DA:209,1
DA:214,1
DA:215,1
DA:216,1
DA:217,1
DA:218,1
DA:219,1
DA:220,1
DA:226,1
DA:227,4
DA:228,1
DA:229,3
DA:230,0
DA:233,1
DA:234,1
DA:237,1
DA:238,1
DA:239,0
DA:240,1
DA:249,2
DA:250,0
DA:252,0
DA:253,0
DA:254,0
DA:255,0
DA:256,0
DA:261,1
DA:262,1
DA:263,1
DA:264,0
DA:265,1
DA:266,1
DA:267,1
DA:268,1
DA:275,1
DA:276,1
DA:277,1
DA:278,1
DA:280,1
DA:281,1
LF:123
LH:66
end_of_record
SF:lib\user\userForgetPasswordReset_screen.dart
DA:7,53
DA:9,1
DA:11,1
DA:28,1
DA:29,2
DA:30,3
DA:31,3
DA:32,3
DA:33,3
DA:34,3
DA:38,1
DA:39,3
DA:40,3
DA:42,2
DA:43,3
DA:47,1
DA:48,3
DA:52,5
DA:53,3
DA:57,4
DA:58,0
DA:61,1
DA:62,2
DA:63,1
DA:64,2
DA:71,2
DA:72,0
DA:74,2
DA:75,0
DA:78,3
DA:82,1
DA:83,1
DA:89,1
DA:90,1
DA:93,1
DA:94,1
DA:97,1
DA:98,1
DA:101,1
DA:102,1
DA:106,1
DA:107,2
DA:108,1
DA:109,2
DA:111,2
DA:119,1
DA:120,1
DA:121,1
DA:122,1
DA:128,2
DA:133,1
DA:135,1
DA:137,1
DA:145,1
DA:146,1
DA:147,1
DA:155,1
DA:157,2
DA:160,1
DA:161,1
DA:162,1
DA:164,1
DA:165,1
DA:174,1
DA:175,1
DA:176,1
DA:177,1
DA:178,2
DA:182,1
DA:184,1
DA:185,2
DA:186,2
DA:187,2
DA:188,2
DA:189,2
DA:193,1
DA:194,1
DA:195,1
DA:196,2
DA:200,2
DA:201,1
DA:204,1
DA:205,1
DA:210,1
DA:211,1
DA:212,1
DA:213,1
DA:214,2
DA:215,1
DA:216,1
DA:217,1
DA:218,1
DA:228,1
DA:229,1
DA:230,1
DA:231,1
DA:234,1
DA:235,1
LF:98
LH:95
end_of_record
SF:lib\user\userDestinationSelect_screen.dart
DA:11,54
DA:13,2
DA:14,2
DA:24,2
DA:26,2
DA:27,2
DA:28,2
DA:31,2
DA:32,2
DA:33,2
DA:35,4
DA:36,2
DA:39,2
DA:40,4
DA:41,2
DA:46,2
DA:47,4
DA:48,2
DA:49,2
DA:54,2
DA:55,2
DA:56,2
DA:58,6
DA:61,4
DA:62,4
DA:63,3
DA:64,1
DA:72,2
DA:74,2
DA:75,2
DA:76,0
DA:77,0
DA:82,4
DA:83,0
DA:84,0
DA:86,0
DA:87,0
DA:88,0
DA:89,0
DA:90,0
DA:93,0
DA:97,0
DA:98,0
DA:99,0
DA:108,0
DA:109,0
DA:110,0
DA:114,0
DA:116,8
DA:117,6
DA:121,6
DA:124,4
DA:125,4
DA:132,2
DA:137,1
DA:138,1
DA:139,3
DA:148,1
DA:149,0
DA:158,2
DA:159,1
DA:162,1
DA:166,1
DA:167,1
DA:172,1
DA:175,2
DA:179,1
DA:180,1
DA:183,3
DA:186,1
DA:187,1
DA:188,1
DA:189,1
DA:193,2
DA:194,0
DA:195,0
DA:198,0
DA:199,0
DA:200,0
DA:201,0
DA:202,0
DA:203,0
DA:205,0
DA:207,0
DA:211,0
DA:212,0
DA:213,0
DA:214,0
DA:215,0
DA:216,0
DA:218,0
DA:222,0
DA:223,0
DA:224,0
DA:225,0
DA:226,0
DA:227,0
DA:230,0
DA:232,0
DA:236,2
DA:237,2
DA:239,0
DA:240,2
DA:242,0
DA:245,3
DA:246,4
DA:247,1
DA:250,3
DA:253,1
DA:254,1
DA:255,2
DA:257,2
DA:258,1
DA:259,1
DA:260,1
DA:261,2
DA:262,2
DA:263,1
DA:268,1
DA:269,0
DA:270,0
DA:271,0
DA:275,1
DA:276,1
DA:277,2
DA:280,1
DA:286,1
DA:288,3
DA:294,1
DA:295,4
DA:296,4
DA:299,3
DA:300,3
DA:303,0
DA:306,1
DA:307,1
DA:308,1
DA:309,1
DA:311,2
DA:313,4
DA:315,1
DA:317,1
DA:318,1
DA:322,1
DA:324,1
DA:325,1
DA:327,1
DA:337,2
DA:338,1
DA:344,1
DA:348,2
DA:349,3
DA:350,3
DA:355,1
DA:356,0
DA:357,0
DA:358,0
DA:359,0
DA:367,1
DA:368,2
DA:370,0
DA:371,0
DA:374,0
DA:379,2
DA:382,2
DA:384,4
DA:385,4
DA:387,0
DA:388,0
DA:390,0
DA:391,0
DA:404,2
DA:406,2
DA:410,2
DA:412,0
DA:414,0
DA:415,0
DA:416,0
DA:417,0
DA:418,0
DA:419,0
DA:420,0
DA:421,0
DA:422,0
DA:425,0
DA:427,0
DA:428,0
DA:430,0
DA:435,2
DA:436,2
DA:449,2
DA:450,2
DA:451,2
DA:453,2
DA:456,2
DA:457,2
DA:462,2
DA:463,0
DA:464,2
DA:473,2
DA:475,2
DA:477,2
DA:479,2
DA:481,2
DA:483,2
DA:484,2
DA:485,2
DA:486,2
DA:492,2
DA:494,2
DA:503,2
DA:504,4
DA:522,2
DA:523,2
DA:524,4
DA:525,2
DA:526,4
DA:527,4
DA:529,2
DA:533,2
DA:534,2
DA:535,2
DA:540,2
DA:545,2
DA:547,2
DA:555,2
DA:556,4
DA:557,2
DA:568,2
DA:570,2
DA:571,2
DA:572,2
DA:576,2
DA:577,2
LF:234
LH:159
end_of_record
SF:lib\user\userCheckParking_screen.dart
DA:14,153
DA:19,4
DA:20,4
DA:77,4
DA:79,4
DA:80,4
DA:81,4
DA:82,4
DA:83,4
DA:84,4
DA:88,4
DA:89,4
DA:91,8
DA:92,16
DA:93,16
DA:96,4
DA:98,4
DA:100,4
DA:103,4
DA:104,8
DA:105,4
DA:107,8
DA:111,4
DA:114,8
DA:115,4
DA:116,8
DA:117,4
DA:122,4
DA:123,4
DA:124,4
DA:125,4
DA:128,4
DA:129,12
DA:135,1
DA:136,1
DA:137,1
DA:141,0
DA:143,0
DA:144,0
DA:145,0
DA:147,0
DA:148,0
DA:149,0
DA:150,0
DA:151,0
DA:152,0
DA:154,0
DA:160,3
DA:163,2
DA:165,2
DA:166,0
DA:167,0
DA:168,0
DA:171,0
DA:172,0
DA:174,0
DA:175,0
DA:176,0
DA:178,0
DA:179,0
DA:180,0
DA:181,0
DA:182,0
DA:183,0
DA:184,0
DA:187,0
DA:191,2
DA:194,0
DA:198,2
DA:199,1
DA:203,0
DA:204,0
DA:205,0
DA:206,0
DA:207,0
DA:208,0
DA:249,4
DA:250,4
DA:253,4
DA:254,4
DA:257,8
DA:263,4
DA:268,3
DA:269,3
DA:272,6
DA:273,4
DA:274,1
DA:278,3
DA:279,1
DA:284,3
DA:288,2
DA:291,2
DA:294,4
DA:295,4
DA:296,2
DA:297,2
DA:298,6
DA:302,2
DA:306,1
DA:309,0
DA:310,0
DA:315,3
DA:316,3
DA:320,2
DA:321,4
DA:324,2
DA:327,2
DA:328,4
DA:329,2
DA:330,2
DA:331,6
DA:335,4
DA:336,0
DA:337,0
DA:338,0
DA:339,0
DA:340,0
DA:343,0
DA:344,0
DA:348,0
DA:354,1
DA:355,1
DA:358,1
DA:361,0
DA:362,0
DA:363,0
DA:369,4
DA:370,4
DA:371,4
DA:372,4
DA:375,4
DA:376,8
DA:377,4
DA:378,4
DA:379,4
DA:380,4
DA:381,4
DA:385,8
DA:388,4
DA:390,4
DA:391,8
DA:392,4
DA:393,4
DA:394,4
DA:398,4
DA:400,4
DA:403,8
DA:404,20
DA:408,8
DA:411,8
DA:412,0
DA:413,0
DA:414,0
DA:416,0
DA:417,0
DA:419,0
DA:420,0
DA:421,0
DA:428,4
DA:429,8
DA:432,4
DA:435,4
DA:436,4
DA:437,0
DA:438,0
DA:439,0
DA:440,0
DA:441,0
DA:442,0
DA:446,8
DA:447,4
DA:452,4
DA:455,4
DA:456,0
DA:457,0
DA:459,0
DA:461,0
DA:464,0
DA:467,12
DA:469,0
DA:475,4
DA:476,8
DA:477,4
DA:478,16
DA:479,4
DA:481,12
DA:482,0
DA:483,0
DA:484,0
DA:490,4
DA:491,4
DA:494,4
DA:497,4
DA:498,4
DA:500,4
DA:501,12
DA:502,4
DA:503,4
DA:505,8
DA:506,0
DA:508,0
DA:509,0
DA:510,0
DA:511,0
DA:512,0
DA:514,0
DA:515,0
DA:516,0
DA:519,0
DA:520,0
DA:521,0
DA:522,0
DA:526,0
DA:527,0
DA:528,0
DA:534,0
DA:540,4
DA:541,12
DA:544,4
DA:547,4
DA:550,4
DA:554,0
DA:555,0
DA:557,0
DA:558,0
DA:559,0
DA:560,0
DA:562,0
DA:563,0
DA:564,0
DA:566,0
DA:567,0
DA:576,0
DA:578,0
DA:579,0
DA:580,0
DA:581,0
DA:582,0
DA:584,0
DA:585,0
DA:586,0
DA:587,0
DA:590,0
DA:591,0
DA:592,0
DA:595,0
DA:596,0
DA:599,0
DA:600,0
DA:601,0
DA:603,0
DA:604,0
DA:606,0
DA:607,0
DA:610,0
DA:612,0
DA:613,0
DA:616,0
DA:618,0
DA:619,0
DA:620,0
DA:621,0
DA:622,0
DA:624,0
DA:625,0
DA:628,0
DA:630,0
DA:634,0
DA:636,0
DA:639,0
DA:640,0
DA:641,0
DA:642,0
DA:648,0
DA:649,0
DA:650,0
DA:665,0
DA:667,0
DA:668,0
DA:674,0
DA:677,0
DA:680,0
DA:681,0
DA:682,0
DA:683,0
DA:685,0
DA:686,0
DA:687,0
DA:688,0
DA:692,0
DA:693,0
DA:697,0
DA:698,0
DA:699,0
DA:700,0
DA:701,0
DA:702,0
DA:706,0
DA:707,0
DA:712,0
DA:718,4
DA:719,6
DA:720,4
DA:723,4
DA:724,4
DA:725,4
DA:727,4
DA:729,0
DA:730,0
DA:731,0
DA:732,0
DA:737,0
DA:739,0
DA:740,0
DA:741,0
DA:742,0
DA:743,0
DA:744,0
DA:748,0
DA:749,0
DA:750,0
DA:751,0
DA:755,0
DA:756,0
DA:757,0
DA:758,0
DA:760,0
DA:773,0
DA:774,0
DA:777,0
DA:780,0
DA:782,0
DA:785,0
DA:786,0
DA:787,0
DA:788,0
DA:792,0
DA:793,0
DA:794,0
DA:795,0
DA:796,0
DA:799,0
DA:801,0
DA:803,0
DA:804,0
DA:809,0
DA:810,0
DA:812,0
DA:813,0
DA:816,0
DA:817,0
DA:819,0
DA:820,0
DA:821,0
DA:822,0
DA:823,0
DA:825,0
DA:828,0
DA:831,0
DA:832,0
DA:836,0
DA:840,0
DA:844,0
DA:845,0
DA:846,0
DA:849,0
DA:850,0
DA:851,0
DA:854,0
DA:857,0
DA:860,0
DA:864,0
DA:865,0
DA:868,0
DA:869,0
DA:870,0
DA:871,0
DA:872,0
DA:873,0
DA:874,0
DA:875,0
DA:876,0
DA:877,0
DA:880,0
DA:881,0
DA:884,0
DA:885,0
DA:886,0
DA:887,0
DA:890,0
DA:891,0
DA:892,0
DA:893,0
DA:895,0
DA:896,0
DA:900,0
DA:901,0
DA:902,0
DA:904,0
DA:905,0
DA:906,0
DA:916,1
DA:918,1
DA:919,1
DA:922,1
DA:926,2
DA:927,1
DA:928,1
DA:929,2
DA:932,1
DA:936,1
DA:939,1
DA:940,1
DA:943,3
DA:946,1
DA:950,2
DA:952,2
DA:954,4
DA:955,0
DA:956,0
DA:957,0
DA:960,0
DA:961,0
DA:962,0
DA:965,0
DA:967,0
DA:973,2
DA:974,6
DA:975,4
DA:976,6
DA:977,6
DA:978,6
DA:982,4
DA:983,4
DA:984,4
DA:986,4
DA:989,4
DA:990,8
DA:991,4
DA:994,8
DA:995,0
DA:996,0
DA:997,0
DA:999,0
DA:1001,16
DA:1004,0
DA:1009,4
DA:1011,8
DA:1012,4
DA:1013,8
DA:1014,4
DA:1017,4
DA:1024,0
DA:1026,0
DA:1027,0
DA:1028,0
DA:1031,0
DA:1034,0
DA:1035,0
DA:1044,0
DA:1045,0
DA:1054,0
DA:1055,0
DA:1056,0
DA:1057,0
DA:1063,0
DA:1073,0
DA:1083,0
DA:1084,0
DA:1085,0
DA:1086,0
DA:1088,0
DA:1089,0
DA:1090,0
DA:1091,0
DA:1094,0
DA:1095,0
DA:1096,0
DA:1097,0
DA:1099,0
DA:1109,0
DA:1110,0
DA:1111,0
DA:1112,0
DA:1113,0
DA:1114,0
DA:1115,0
DA:1116,0
DA:1117,0
DA:1124,0
DA:1126,0
DA:1127,0
DA:1128,0
DA:1129,0
DA:1130,0
DA:1134,0
DA:1135,0
DA:1138,0
DA:1139,0
DA:1140,0
DA:1141,0
DA:1142,0
DA:1143,0
DA:1144,0
DA:1146,0
DA:1147,0
DA:1149,0
DA:1150,0
DA:1151,0
DA:1155,0
DA:1156,0
DA:1160,0
DA:1161,0
DA:1162,0
DA:1163,0
DA:1164,0
DA:1165,0
DA:1168,0
DA:1171,0
DA:1172,0
DA:1173,0
DA:1174,0
DA:1179,0
DA:1180,0
DA:1181,0
DA:1187,0
DA:1190,0
DA:1193,0
DA:1194,0
DA:1195,0
DA:1196,0
DA:1202,0
DA:1203,0
DA:1204,0
DA:1205,0
DA:1206,0
DA:1209,0
DA:1210,0
DA:1212,0
DA:1217,4
DA:1218,4
DA:1221,4
DA:1222,4
DA:1225,14
DA:1229,3
DA:1230,3
DA:1233,3
DA:1237,3
DA:1238,3
DA:1239,3
DA:1240,3
DA:1241,3
DA:1242,3
DA:1243,3
DA:1246,6
DA:1247,6
DA:1248,6
DA:1249,3
DA:1250,3
DA:1251,3
DA:1252,3
DA:1253,3
DA:1254,3
DA:1255,3
DA:1256,3
DA:1257,3
DA:1258,3
DA:1261,3
DA:1265,6
DA:1266,3
DA:1267,3
DA:1274,3
DA:1278,1
DA:1281,1
DA:1282,1
DA:1286,3
DA:1287,3
DA:1290,6
DA:1291,3
DA:1292,3
DA:1298,0
DA:1299,0
DA:1300,0
DA:1301,0
DA:1303,0
DA:1307,0
DA:1312,0
DA:1316,0
DA:1318,0
DA:1320,0
DA:1323,0
DA:1324,0
DA:1325,0
DA:1326,0
DA:1328,0
DA:1334,0
DA:1335,0
DA:1338,0
DA:1339,0
DA:1340,0
DA:1341,0
DA:1348,0
DA:1350,0
DA:1351,0
DA:1356,0
DA:1357,0
DA:1358,0
DA:1359,0
DA:1360,0
DA:1361,0
DA:1366,0
DA:1367,0
DA:1368,0
DA:1369,0
DA:1373,0
DA:1374,0
DA:1375,0
DA:1376,0
DA:1474,4
DA:1475,4
DA:1478,8
DA:1479,4
DA:1480,6
DA:1484,6
DA:1485,4
DA:1486,4
DA:1487,4
DA:1493,4
DA:1497,4
DA:1498,3
DA:1500,3
DA:1501,8
DA:1503,3
DA:1506,4
DA:1510,4
DA:1511,3
DA:1513,3
DA:1514,8
DA:1516,3
DA:1519,4
DA:1523,0
DA:1524,0
DA:1525,0
DA:1530,4
DA:1532,4
DA:1535,8
DA:1536,0
DA:1538,0
DA:1539,0
DA:1541,0
DA:1552,4
DA:1555,4
DA:1556,4
DA:1557,8
DA:1560,4
DA:1561,4
DA:1564,2
DA:1565,2
DA:1566,2
DA:1567,10
DA:1568,4
DA:1569,4
DA:1570,4
DA:1571,16
DA:1574,2
DA:1576,1
DA:1577,1
DA:1578,6
DA:1580,0
DA:1581,0
DA:1582,0
DA:1583,0
DA:1585,0
DA:1592,4
DA:1593,16
DA:1594,4
DA:1595,4
DA:1598,8
DA:1604,8
DA:1605,0
DA:1608,0
DA:1609,0
DA:1610,0
DA:1611,0
DA:1612,0
DA:1614,0
DA:1615,0
DA:1616,0
DA:1617,0
DA:1618,0
DA:1620,0
DA:1624,0
DA:1625,0
DA:1632,0
DA:1634,8
DA:1636,0
DA:1639,16
DA:1641,12
DA:1646,0
DA:1649,0
DA:1650,0
DA:1654,4
DA:1655,8
DA:1656,4
DA:1657,8
DA:1661,4
DA:1662,12
DA:1663,4
DA:1664,4
DA:1671,8
DA:1672,4
DA:1673,4
DA:1674,4
DA:1675,8
DA:1677,8
DA:1678,4
DA:1679,4
DA:1680,0
DA:1681,0
DA:1682,0
DA:1695,0
DA:1696,0
DA:1697,0
DA:1701,0
DA:1704,0
DA:1705,0
DA:1706,0
DA:1707,0
DA:1712,0
DA:1715,0
DA:1716,0
DA:1717,0
DA:1718,0
DA:1719,0
DA:1724,0
DA:1725,0
DA:1726,0
DA:1731,0
DA:1732,0
DA:1733,0
DA:1734,0
DA:1735,0
DA:1738,0
DA:1745,0
DA:1746,0
DA:1747,0
DA:1748,0
DA:1749,0
DA:1750,0
DA:1752,0
DA:1761,0
DA:1762,0
DA:1763,0
DA:1764,0
DA:1766,0
DA:1770,0
DA:1771,0
DA:1772,0
DA:1774,0
DA:1775,0
DA:1778,0
DA:1779,0
DA:1780,0
DA:1783,0
DA:1784,0
DA:1791,0
DA:1792,0
DA:1793,0
DA:1797,0
DA:1798,0
DA:1802,0
DA:1803,0
DA:1809,0
DA:1812,0
DA:1814,0
DA:1821,0
DA:1822,0
DA:1826,0
DA:1827,0
DA:1830,0
DA:1832,0
DA:1843,0
DA:1844,0
DA:1846,0
DA:1847,0
DA:1848,0
DA:1850,0
DA:1851,0
DA:1853,0
DA:1855,0
DA:1856,0
DA:1859,0
DA:1860,0
DA:1864,0
DA:1867,0
DA:1870,0
DA:1872,0
DA:1882,0
DA:1883,0
DA:1889,4
DA:1892,4
DA:1904,10
DA:1905,3
DA:1907,3
DA:1911,3
DA:1912,3
DA:1914,3
DA:1939,3
DA:1940,1
DA:1941,1
DA:1943,3
DA:1946,3
DA:1947,3
DA:1959,3
DA:1960,1
DA:1961,1
DA:1973,4
DA:1974,4
DA:1975,4
DA:1982,8
DA:1983,0
DA:1987,8
DA:1988,0
DA:2000,0
DA:2001,0
DA:2004,0
DA:2011,0
DA:2013,0
DA:2014,0
DA:2016,0
DA:2020,0
DA:2022,0
DA:2025,0
DA:2027,0
DA:2029,0
DA:2031,0
DA:2034,0
DA:2035,0
DA:2047,0
DA:2048,0
DA:2050,0
DA:2051,0
DA:2053,0
DA:2055,0
DA:2057,0
DA:2059,0
DA:2060,0
DA:2061,0
DA:2062,0
DA:2064,0
DA:2068,0
DA:2072,0
DA:2073,0
DA:2083,0
DA:2084,0
DA:2086,0
DA:2088,0
DA:2089,0
DA:2092,0
DA:2094,0
DA:2096,0
DA:2098,0
DA:2100,0
DA:2101,0
DA:2102,0
DA:2103,0
DA:2105,0
DA:2106,0
DA:2108,0
DA:2109,0
DA:2110,0
DA:2112,0
DA:2113,0
DA:2114,0
DA:2115,0
DA:2119,0
DA:2122,0
DA:2123,0
DA:2124,0
DA:2128,0
DA:2131,0
DA:2133,0
DA:2140,0
DA:2141,0
DA:2150,0
DA:2151,0
DA:2152,0
DA:2153,0
DA:2155,0
DA:2156,0
DA:2158,0
DA:2159,0
DA:2160,0
DA:2162,0
DA:2163,0
DA:2164,0
DA:2165,0
DA:2169,0
DA:2172,0
DA:2173,0
DA:2174,0
DA:2178,0
DA:2181,0
DA:2183,0
DA:2196,0
DA:2197,0
DA:2198,0
DA:2199,0
DA:2201,0
DA:2202,0
DA:2204,0
DA:2208,0
DA:2209,0
DA:2210,0
DA:2211,0
DA:2212,0
DA:2219,0
DA:2220,0
DA:2221,0
DA:2223,0
DA:2225,0
DA:2226,0
DA:2227,0
DA:2230,0
DA:2235,0
DA:2236,0
DA:2240,0
DA:2241,0
DA:2242,0
DA:2245,0
DA:2250,0
DA:2251,0
DA:2259,0
DA:2260,0
DA:2262,0
DA:2265,0
DA:2266,0
DA:2267,0
DA:2268,0
DA:2270,0
DA:2273,0
DA:2276,0
DA:2277,0
DA:2290,0
DA:2291,0
DA:2294,0
DA:2295,0
DA:2297,0
DA:2300,0
DA:2301,0
DA:2302,0
DA:2309,0
DA:2310,0
DA:2311,0
DA:2312,0
DA:2313,0
DA:2314,0
DA:2315,0
DA:2316,0
DA:2317,0
DA:2318,0
DA:2319,0
DA:2320,0
DA:2327,0
DA:2329,0
DA:2330,0
DA:2331,0
DA:2332,0
DA:2333,0
DA:2334,0
DA:2335,0
DA:2336,0
DA:2337,0
DA:2340,0
DA:2341,0
DA:2342,0
DA:2343,0
DA:2346,0
DA:2347,0
DA:2348,0
DA:2352,0
DA:2353,0
DA:2354,0
DA:2357,0
DA:2360,0
DA:2361,0
DA:2362,0
DA:2366,0
DA:2367,0
DA:2368,0
DA:2369,0
DA:2373,0
DA:2375,0
DA:2378,0
DA:2397,0
DA:2398,0
DA:2402,0
DA:2403,0
DA:2404,0
DA:2406,0
DA:2408,0
DA:2409,0
DA:2410,0
DA:2411,0
DA:2417,0
DA:2419,0
DA:2420,0
DA:2421,0
DA:2424,0
DA:2425,0
DA:2435,0
DA:2436,0
DA:2437,0
DA:2440,0
DA:2441,0
DA:2456,0
DA:2457,0
DA:2459,0
DA:2460,0
DA:2462,0
DA:2464,0
DA:2465,0
DA:2466,0
DA:2467,0
DA:2468,0
DA:2469,0
DA:2470,0
DA:2471,0
DA:2473,0
DA:2484,0
DA:2485,0
DA:2486,0
DA:2488,0
DA:2489,0
DA:2490,0
DA:2491,0
DA:2492,0
DA:2499,0
DA:2500,0
DA:2501,0
DA:2504,0
DA:2506,0
DA:2507,0
DA:2509,0
DA:2513,0
DA:2514,0
LF:1046
LH:310
end_of_record
SF:lib\user\userActiveParking_screen.dart
DA:16,3
DA:22,3
DA:23,3
DA:49,3
DA:51,3
DA:52,3
DA:55,3
DA:56,3
DA:57,3
DA:58,3
DA:59,3
DA:60,3
DA:61,3
DA:64,2
DA:65,6
DA:73,2
DA:75,4
DA:76,6
DA:78,2
DA:79,2
DA:81,2
DA:87,4
DA:88,4
DA:89,2
DA:90,2
DA:94,2
DA:96,4
DA:97,0
DA:98,0
DA:99,0
DA:101,0
DA:102,0
DA:103,0
DA:105,0
DA:107,0
DA:108,0
DA:109,0
DA:110,0
DA:113,0
DA:115,4
DA:116,0
DA:117,0
DA:118,0
DA:122,2
DA:123,6
DA:124,6
DA:129,2
DA:130,2
DA:131,6
DA:132,2
DA:133,4
DA:134,6
DA:139,2
DA:140,6
DA:141,4
DA:142,6
DA:143,6
DA:144,2
DA:148,2
DA:149,4
DA:150,4
DA:154,8
DA:155,2
DA:160,2
DA:161,2
DA:163,4
DA:164,2
DA:168,2
DA:171,4
DA:172,4
DA:173,4
DA:174,4
DA:175,4
DA:178,2
DA:179,2
DA:182,4
DA:183,8
DA:185,12
DA:187,4
DA:191,4
DA:192,8
DA:194,12
DA:196,4
DA:199,8
DA:200,14
DA:203,2
DA:204,2
DA:205,8
DA:206,2
DA:209,4
DA:210,0
DA:212,0
DA:213,0
DA:214,0
DA:215,0
DA:216,0
DA:218,0
DA:219,0
DA:220,0
DA:221,0
DA:224,0
DA:225,0
DA:229,0
DA:234,3
DA:236,4
DA:237,2
DA:243,0
DA:244,0
DA:247,0
DA:248,0
DA:249,0
DA:254,0
DA:256,0
DA:257,0
DA:258,0
DA:260,0
DA:262,0
DA:263,0
DA:264,0
DA:270,0
DA:271,0
DA:272,0
DA:278,0
DA:281,0
DA:282,0
DA:283,0
DA:287,0
DA:291,0
DA:292,0
DA:295,0
DA:296,0
DA:297,0
DA:298,0
DA:299,0
DA:300,0
DA:302,0
DA:305,0
DA:306,0
DA:307,0
DA:310,0
DA:311,0
DA:312,0
DA:313,0
DA:315,0
DA:318,0
DA:319,0
DA:320,0
DA:324,0
DA:325,0
DA:326,0
DA:327,0
DA:328,0
DA:329,0
DA:333,0
DA:334,0
DA:337,0
DA:338,0
DA:339,0
DA:342,0
DA:343,0
DA:345,0
DA:348,0
DA:351,0
DA:353,0
DA:360,0
DA:361,0
DA:365,0
DA:366,0
DA:369,0
DA:371,0
DA:381,0
DA:382,0
DA:386,0
DA:389,0
DA:392,0
DA:394,0
DA:404,0
DA:405,0
DA:411,2
DA:412,2
DA:413,2
DA:414,2
DA:415,2
DA:416,4
DA:419,2
DA:421,2
DA:424,2
DA:440,2
DA:442,2
DA:444,2
DA:445,2
DA:446,2
DA:451,2
DA:452,2
DA:462,2
DA:463,4
DA:464,2
DA:469,2
DA:470,2
DA:485,2
DA:487,4
DA:489,2
DA:490,2
DA:491,2
DA:492,2
DA:493,2
DA:496,3
DA:502,4
DA:503,4
DA:504,2
DA:505,2
DA:506,2
DA:510,2
DA:512,4
DA:513,0
DA:516,0
DA:517,0
DA:518,0
DA:521,0
DA:522,0
DA:523,0
DA:526,0
DA:529,0
DA:532,0
DA:538,0
DA:539,0
DA:541,0
DA:542,0
DA:545,0
DA:546,0
DA:548,0
DA:549,0
DA:550,0
DA:551,0
DA:552,0
DA:554,0
DA:557,0
DA:561,0
DA:562,0
DA:563,0
DA:566,0
DA:567,0
DA:568,0
DA:569,0
DA:570,0
DA:571,0
DA:572,0
DA:573,0
DA:574,0
DA:575,0
DA:576,0
DA:579,0
DA:580,0
DA:581,0
DA:582,0
DA:583,0
DA:586,0
DA:587,0
DA:588,0
DA:589,0
DA:590,0
DA:591,0
DA:593,0
DA:594,0
DA:595,0
DA:596,0
DA:597,0
DA:599,0
DA:601,0
DA:602,0
DA:604,0
DA:605,0
DA:608,0
DA:612,4
DA:613,0
DA:614,0
DA:615,0
DA:618,2
DA:619,6
DA:620,6
DA:625,3
DA:627,5
DA:628,3
DA:632,2
DA:633,2
DA:634,2
DA:636,2
DA:639,2
DA:640,4
DA:650,2
DA:651,2
DA:654,2
DA:659,2
DA:660,2
DA:669,2
DA:670,2
DA:673,2
DA:678,2
DA:679,2
DA:691,2
DA:692,2
DA:712,4
DA:713,2
DA:714,2
DA:716,2
DA:738,2
DA:739,2
DA:742,2
DA:746,2
DA:747,2
DA:757,0
DA:758,0
DA:759,0
DA:760,0
DA:761,0
DA:765,0
DA:766,0
DA:768,0
DA:771,0
DA:772,0
DA:773,0
DA:774,0
DA:775,0
DA:776,0
DA:782,0
DA:784,0
DA:786,0
DA:788,0
DA:791,0
DA:792,0
DA:803,0
DA:805,0
DA:807,0
DA:808,0
DA:810,0
DA:815,0
DA:816,0
DA:823,0
DA:824,0
DA:828,0
DA:829,0
DA:835,0
DA:838,0
DA:839,0
DA:840,0
DA:841,0
DA:842,0
DA:843,0
DA:847,0
DA:848,0
DA:854,0
DA:856,0
DA:857,0
DA:858,0
DA:859,0
DA:863,0
DA:864,0
DA:877,0
DA:878,0
DA:881,0
DA:883,0
DA:884,0
DA:885,0
DA:886,0
DA:887,0
DA:889,0
DA:890,0
DA:891,0
DA:892,0
DA:895,0
DA:896,0
DA:898,0
DA:899,0
DA:903,0
DA:911,0
DA:912,0
DA:914,0
DA:916,0
DA:917,0
DA:918,0
DA:919,0
DA:925,0
DA:926,0
DA:928,0
DA:932,0
DA:933,0
DA:934,0
DA:948,0
DA:949,0
DA:952,0
DA:953,0
DA:954,0
DA:955,0
DA:956,0
DA:957,0
DA:963,0
DA:965,0
DA:967,0
DA:968,0
DA:972,0
DA:977,0
DA:978,0
DA:991,0
DA:993,0
DA:994,0
DA:995,0
DA:996,0
DA:997,0
DA:999,0
DA:1001,0
DA:1002,0
DA:1005,0
DA:1010,0
DA:1011,0
DA:1012,0
DA:1015,0
DA:1029,0
DA:1031,0
DA:1033,0
DA:1035,0
DA:1036,0
DA:1039,0
DA:1043,0
DA:1044,0
DA:1050,0
DA:1051,0
DA:1054,0
DA:1058,0
DA:1059,0
DA:1070,3
DA:1072,3
DA:1075,3
DA:1076,3
DA:1077,3
DA:1086,3
DA:1087,3
DA:1088,3
DA:1106,3
DA:1107,3
DA:1108,6
DA:1117,8
DA:1119,0
DA:1121,2
LF:443
LH:161
end_of_record
SF:lib\user\userParkingFee_screen.dart
DA:15,54
DA:23,2
DA:24,2
DA:42,2
DA:44,2
DA:46,4
DA:48,0
DA:49,0
DA:50,0
DA:51,6
DA:53,1
DA:54,3
DA:55,3
DA:58,2
DA:59,3
DA:61,0
DA:65,3
DA:68,4
DA:69,4
DA:71,1
DA:74,2
DA:78,2
DA:81,2
DA:83,3
DA:84,2
DA:87,0
DA:88,0
DA:91,0
DA:92,0
DA:97,0
DA:98,0
DA:101,0
DA:103,0
DA:107,0
DA:108,0
DA:109,0
DA:121,0
DA:124,0
DA:125,0
DA:127,0
DA:128,0
DA:129,0
DA:130,0
DA:133,0
DA:134,0
DA:135,0
DA:137,0
DA:140,0
DA:143,0
DA:144,0
DA:145,0
DA:146,0
DA:147,0
DA:148,0
DA:149,0
DA:150,0
DA:151,0
DA:154,0
DA:155,0
DA:156,0
DA:157,0
DA:158,0
DA:159,0
DA:160,0
DA:161,0
DA:162,0
DA:163,0
DA:164,0
DA:167,0
DA:168,0
DA:169,0
DA:170,0
DA:171,0
DA:174,0
DA:175,0
DA:176,0
DA:177,0
DA:178,0
DA:179,0
DA:181,0
DA:182,0
DA:183,0
DA:184,0
DA:185,0
DA:187,0
DA:188,0
DA:201,0
DA:203,0
DA:204,0
DA:207,0
DA:211,0
DA:213,0
DA:214,0
DA:215,0
DA:218,0
DA:219,0
DA:221,0
DA:222,0
DA:226,0
DA:229,0
DA:231,0
DA:233,0
DA:234,0
DA:237,0
DA:238,0
DA:240,0
DA:244,0
DA:252,0
DA:253,0
DA:254,0
DA:255,0
DA:256,0
DA:258,0
DA:262,1
DA:271,1
DA:272,1
DA:275,0
DA:276,0
DA:279,1
DA:292,2
DA:294,2
DA:295,0
DA:296,0
DA:297,0
DA:298,0
DA:300,0
DA:301,0
DA:304,2
DA:305,0
DA:306,0
DA:307,0
DA:310,3
DA:311,1
DA:317,1
DA:318,2
DA:319,0
DA:320,0
DA:321,0
DA:322,0
DA:329,1
DA:331,2
DA:334,2
DA:339,2
DA:342,3
DA:344,1
DA:348,0
DA:349,0
DA:350,0
DA:351,0
DA:352,0
DA:353,0
DA:354,0
DA:355,0
DA:358,2
DA:359,2
DA:362,4
DA:363,8
DA:364,8
DA:365,8
DA:366,8
DA:367,8
DA:370,2
DA:371,2
DA:372,2
DA:377,2
DA:378,2
DA:381,1
DA:382,0
DA:383,0
DA:386,0
DA:387,0
DA:388,0
DA:389,0
DA:391,0
DA:394,0
DA:397,2
DA:398,1
DA:402,3
DA:405,4
DA:406,4
DA:409,1
DA:412,2
DA:413,1
DA:414,1
DA:415,0
DA:418,1
DA:419,1
DA:420,2
DA:421,0
DA:422,0
DA:424,1
DA:425,4
DA:427,2
DA:428,1
DA:432,0
DA:439,2
DA:440,2
DA:441,2
DA:443,4
DA:444,4
DA:445,2
DA:448,2
DA:449,2
DA:450,4
DA:452,1
DA:458,2
DA:459,1
DA:460,1
DA:462,0
DA:463,0
DA:464,0
DA:469,4
DA:470,2
DA:471,2
DA:476,2
DA:477,1
DA:481,2
DA:483,2
DA:484,4
DA:485,2
DA:486,2
DA:488,4
DA:489,0
DA:490,0
DA:491,0
DA:492,0
DA:497,2
DA:498,4
DA:499,4
DA:508,0
DA:509,0
DA:510,0
DA:519,0
DA:521,0
DA:524,0
DA:525,0
DA:526,0
DA:530,0
DA:531,0
DA:535,0
DA:536,0
DA:537,0
DA:564,0
DA:567,0
DA:568,0
DA:569,0
DA:571,0
DA:572,0
DA:573,0
DA:576,0
DA:577,0
DA:579,0
DA:582,0
DA:586,0
DA:588,0
DA:590,0
DA:592,0
DA:593,0
DA:595,0
DA:596,0
DA:597,0
DA:600,0
DA:606,0
DA:608,0
DA:611,0
DA:612,0
DA:623,0
DA:626,0
DA:629,0
DA:633,0
DA:635,0
DA:636,0
DA:637,0
DA:638,0
DA:640,0
DA:641,0
DA:642,0
DA:643,0
DA:644,0
DA:646,0
DA:647,0
DA:648,0
DA:649,0
DA:651,0
DA:658,0
DA:659,0
DA:660,0
DA:662,0
DA:663,0
DA:664,0
DA:666,0
DA:676,0
DA:677,0
DA:678,0
DA:679,0
DA:680,0
DA:681,0
DA:683,0
DA:685,0
DA:686,0
DA:687,0
DA:688,0
DA:691,0
DA:692,0
DA:693,0
DA:695,0
DA:699,0
DA:702,0
DA:704,0
DA:705,0
DA:706,0
DA:707,0
DA:708,0
DA:711,0
DA:713,0
DA:714,0
DA:715,0
DA:717,0
DA:718,0
DA:719,0
DA:720,0
DA:724,0
DA:726,0
DA:727,0
DA:728,0
DA:729,0
DA:730,0
DA:731,0
DA:732,0
DA:733,0
DA:734,0
DA:737,0
DA:738,0
DA:739,0
DA:740,0
DA:741,0
DA:742,0
DA:743,0
DA:744,0
DA:745,0
DA:746,0
DA:747,0
DA:750,0
DA:751,0
DA:752,0
DA:753,0
DA:754,0
DA:757,0
DA:760,0
DA:761,0
DA:762,0
DA:763,0
DA:764,0
DA:766,0
DA:767,0
DA:768,0
DA:769,0
DA:770,0
DA:773,0
DA:776,0
DA:777,0
DA:780,0
DA:784,0
DA:785,0
DA:786,0
DA:793,0
DA:794,0
DA:795,0
DA:796,0
DA:803,0
DA:804,0
DA:809,0
DA:810,0
DA:811,0
DA:813,0
DA:814,0
DA:816,0
DA:817,0
DA:818,0
DA:819,0
DA:822,0
DA:823,0
DA:824,0
DA:826,0
DA:829,0
DA:831,0
DA:833,0
DA:836,0
DA:837,0
DA:839,0
DA:840,0
DA:841,0
DA:845,0
DA:846,0
DA:848,0
DA:849,0
DA:867,0
DA:870,0
DA:873,1
DA:874,3
DA:875,3
DA:876,3
DA:877,2
DA:880,0
DA:881,0
DA:882,0
DA:884,0
DA:886,0
DA:888,0
DA:890,0
DA:891,0
DA:892,0
DA:893,0
DA:894,0
DA:897,0
DA:898,0
DA:899,0
DA:901,0
DA:902,0
DA:903,0
DA:904,0
DA:908,0
DA:909,0
DA:910,0
DA:913,0
DA:916,2
DA:918,2
DA:919,2
DA:921,2
DA:931,4
DA:932,2
DA:934,2
DA:938,2
DA:939,2
DA:941,2
DA:948,2
DA:949,2
DA:954,2
DA:955,0
DA:957,0
DA:960,0
DA:961,0
DA:962,0
DA:963,0
DA:964,0
DA:965,0
DA:966,0
DA:967,0
DA:968,0
DA:971,0
DA:972,0
DA:973,0
DA:974,0
DA:975,0
DA:976,0
DA:977,0
DA:978,0
DA:979,0
DA:980,0
DA:981,0
DA:984,0
DA:985,0
DA:986,0
DA:987,0
DA:988,0
DA:991,0
DA:994,0
DA:995,0
DA:996,0
DA:997,0
DA:998,0
DA:1000,0
DA:1001,0
DA:1002,0
DA:1003,0
DA:1004,0
DA:1007,0
DA:1010,0
DA:1011,0
DA:1014,0
DA:1018,2
DA:1030,1
DA:1031,0
DA:1032,0
DA:1034,0
DA:1039,1
DA:1041,1
DA:1044,1
DA:1046,0
DA:1047,0
DA:1049,0
DA:1054,1
DA:1056,1
DA:1057,1
DA:1059,1
DA:1060,1
DA:1062,1
DA:1063,1
DA:1065,1
DA:1067,1
DA:1069,1
DA:1070,1
DA:1071,1
DA:1078,1
DA:1079,2
DA:1086,1
DA:1087,1
DA:1090,1
DA:1091,7
DA:1098,1
DA:1099,1
DA:1102,1
DA:1103,7
DA:1110,1
DA:1111,1
DA:1114,1
DA:1115,3
DA:1121,3
DA:1122,1
DA:1134,1
DA:1135,1
DA:1136,1
DA:1138,1
DA:1139,1
DA:1140,1
DA:1141,2
DA:1142,1
DA:1143,1
DA:1144,1
DA:1151,1
DA:1152,1
DA:1153,1
DA:1155,1
DA:1156,1
DA:1158,1
DA:1172,1
DA:1173,3
DA:1174,1
DA:1177,1
DA:1178,1
DA:1179,1
DA:1180,1
DA:1182,1
DA:1189,1
DA:1191,1
DA:1193,1
DA:1194,2
DA:1196,1
DA:1197,4
DA:1198,1
DA:1200,1
DA:1216,1
DA:1217,1
DA:1218,1
DA:1219,1
DA:1220,1
DA:1224,1
DA:1225,1
DA:1237,2
DA:1238,1
DA:1240,1
DA:1242,1
DA:1244,2
DA:1245,1
DA:1247,1
DA:1249,1
DA:1256,1
DA:1257,1
DA:1258,2
DA:1260,1
DA:1261,3
DA:1267,1
DA:1268,1
DA:1269,2
DA:1271,1
DA:1272,2
DA:1293,1
DA:1294,1
DA:1295,1
DA:1296,1
DA:1297,1
DA:1299,3
DA:1302,1
DA:1305,1
DA:1307,2
DA:1308,1
DA:1309,1
DA:1310,1
DA:1313,1
DA:1314,1
DA:1315,1
DA:1317,5
DA:1320,2
DA:1323,1
DA:1325,1
DA:1326,2
DA:1327,1
DA:1328,1
DA:1329,2
DA:1332,5
DA:1334,1
DA:1335,1
DA:1336,1
DA:1338,1
DA:1339,1
DA:1340,1
DA:1341,1
DA:1345,2
DA:1347,0
DA:1348,0
DA:1349,0
DA:1356,2
DA:1357,1
DA:1358,2
DA:1367,0
DA:1368,0
DA:1369,0
DA:1372,0
DA:1375,0
DA:1379,0
DA:1389,1
DA:1390,1
DA:1393,1
DA:1394,1
DA:1400,1
DA:1401,1
DA:1402,1
DA:1404,1
DA:1405,1
DA:1407,2
DA:1408,1
DA:1409,1
DA:1410,1
DA:1413,1
DA:1414,1
DA:1415,1
DA:1417,5
DA:1421,3
DA:1423,5
DA:1426,1
DA:1429,1
DA:1430,1
DA:1432,1
DA:1433,1
DA:1434,1
DA:1440,1
DA:1444,1
DA:1445,1
LF:648
LH:266
end_of_record
SF:lib\user\userPayment_screen.dart
DA:15,2
DA:24,2
DA:25,2
DA:44,2
DA:46,2
DA:47,2
DA:50,0
DA:59,0
DA:60,0
DA:63,0
DA:64,0
DA:67,0
DA:79,0
DA:81,0
DA:82,0
DA:83,0
DA:84,0
DA:85,0
DA:87,0
DA:88,0
DA:91,0
DA:92,0
DA:95,0
DA:96,0
DA:97,0
DA:98,0
DA:101,0
DA:102,0
DA:106,2
DA:108,4
DA:109,4
DA:110,4
DA:111,4
DA:112,2
DA:115,2
DA:116,2
DA:117,2
DA:120,2
DA:121,2
DA:122,2
DA:125,2
DA:126,4
DA:127,2
DA:130,4
DA:131,0
DA:132,0
DA:134,0
DA:135,0
DA:136,0
DA:137,0
DA:138,0
DA:139,0
DA:140,0
DA:144,8
DA:147,0
DA:151,2
DA:152,2
DA:153,2
DA:155,2
DA:156,2
DA:157,1
DA:164,1
DA:165,2
DA:166,1
DA:169,2
DA:170,0
DA:171,0
DA:174,0
DA:175,0
DA:179,0
DA:181,0
DA:183,4
DA:185,2
DA:186,2
DA:190,0
DA:192,0
DA:193,0
DA:198,1
DA:200,2
DA:201,1
DA:202,1
DA:206,1
DA:208,1
DA:211,2
DA:212,4
DA:213,2
DA:214,1
DA:215,1
DA:220,2
DA:223,1
DA:225,1
DA:227,2
DA:230,1
DA:231,1
DA:233,2
DA:234,2
DA:235,2
DA:236,2
DA:238,1
DA:242,2
DA:243,0
DA:247,0
DA:248,0
DA:249,0
DA:252,0
DA:253,0
DA:254,0
DA:255,0
DA:256,0
DA:259,0
DA:262,0
DA:263,0
DA:266,0
DA:271,2
DA:272,0
DA:273,0
DA:275,0
DA:276,0
DA:277,0
DA:283,3
DA:285,2
DA:286,1
DA:287,1
DA:294,1
DA:295,2
DA:296,1
DA:297,1
DA:308,0
DA:311,0
DA:312,0
DA:313,0
DA:315,0
DA:316,0
DA:317,0
DA:318,0
DA:319,0
DA:328,0
DA:329,0
DA:332,0
DA:336,0
DA:339,0
DA:341,0
DA:342,0
DA:343,0
DA:349,2
DA:350,8
DA:352,2
DA:354,4
DA:355,2
DA:356,2
DA:357,2
DA:358,4
DA:364,2
DA:365,2
DA:366,1
DA:367,2
DA:368,1
DA:371,2
DA:373,2
DA:375,2
DA:376,2
DA:377,2
DA:378,2
DA:380,2
DA:381,0
DA:382,0
DA:383,0
DA:396,2
DA:399,2
DA:400,1
DA:404,2
DA:406,2
DA:407,6
DA:408,2
DA:412,2
DA:413,1
DA:418,1
DA:420,1
DA:422,1
DA:424,1
DA:435,2
DA:436,2
DA:438,4
DA:439,2
DA:440,2
DA:441,2
DA:442,4
DA:446,2
DA:447,2
DA:448,1
DA:449,2
DA:450,1
DA:453,2
DA:455,2
DA:457,2
DA:458,2
DA:459,2
DA:460,2
DA:462,2
DA:463,0
DA:464,0
DA:465,0
DA:478,4
DA:479,1
DA:480,2
DA:481,0
DA:482,0
DA:483,0
DA:484,0
DA:485,0
DA:487,0
DA:488,0
DA:489,0
DA:491,0
DA:492,0
DA:493,0
DA:494,0
DA:497,0
DA:499,0
DA:503,0
DA:504,1
DA:505,1
DA:507,1
DA:509,2
DA:521,2
DA:523,2
DA:525,2
DA:529,2
DA:530,2
DA:532,2
DA:534,2
DA:536,2
DA:537,2
DA:538,2
DA:540,2
DA:542,2
DA:544,2
DA:554,2
DA:556,2
DA:558,2
DA:559,4
DA:565,2
DA:567,2
DA:569,2
DA:570,4
DA:576,2
DA:578,2
DA:580,2
DA:581,20
DA:589,2
DA:591,2
DA:599,2
DA:600,8
DA:625,2
DA:626,2
DA:628,2
DA:629,1
DA:631,1
DA:632,1
DA:633,2
DA:637,2
DA:640,2
DA:641,2
DA:642,4
DA:643,2
DA:646,2
DA:647,2
DA:652,2
DA:681,0
DA:682,0
DA:685,0
DA:687,0
DA:688,0
DA:689,0
DA:691,0
DA:692,0
DA:695,0
DA:696,0
DA:697,0
DA:698,0
DA:699,0
DA:700,0
DA:701,0
DA:702,0
DA:703,0
DA:704,0
DA:705,0
DA:706,0
DA:707,0
DA:708,0
DA:709,0
DA:710,0
DA:711,0
DA:712,0
DA:713,0
DA:714,0
DA:715,0
DA:716,0
DA:717,0
DA:718,0
DA:719,0
DA:720,0
DA:723,0
DA:724,0
DA:728,0
DA:730,0
DA:731,0
DA:733,0
DA:734,0
DA:735,0
DA:738,0
DA:740,0
DA:747,0
DA:748,0
DA:753,0
DA:754,0
DA:759,0
DA:760,0
DA:761,0
DA:762,0
DA:763,0
DA:764,0
DA:767,0
DA:770,0
DA:773,0
DA:774,0
LF:326
LH:171
end_of_record
SF:lib\user\userWallet_screen.dart
DA:10,98
DA:12,0
DA:13,0
DA:37,0
DA:39,0
DA:40,0
DA:41,0
DA:44,0
DA:49,0
DA:51,0
DA:52,0
DA:55,0
DA:56,0
DA:57,0
DA:59,0
DA:62,0
DA:63,0
DA:64,0
DA:67,0
DA:68,0
DA:69,0
DA:70,0
DA:72,0
DA:75,0
DA:81,0
DA:82,0
DA:83,0
DA:86,0
DA:87,0
DA:89,0
DA:91,0
DA:92,0
DA:93,0
DA:94,0
DA:95,0
DA:97,0
DA:100,0
DA:104,0
DA:107,0
DA:112,0
DA:113,0
DA:115,0
DA:116,0
DA:117,0
DA:118,0
DA:120,0
DA:122,0
DA:123,0
DA:124,0
DA:125,0
DA:127,0
DA:128,0
DA:129,0
DA:130,0
DA:131,0
DA:132,0
DA:133,0
DA:138,0
DA:140,0
DA:141,0
DA:143,0
DA:144,0
DA:147,0
DA:148,0
DA:149,0
DA:151,0
DA:152,0
DA:153,0
DA:154,0
DA:156,0
DA:157,0
DA:158,0
DA:159,0
DA:160,0
DA:161,0
DA:162,0
DA:163,0
DA:165,0
DA:167,0
DA:170,0
DA:173,0
DA:177,0
DA:178,0
DA:180,0
DA:181,0
DA:182,0
DA:185,0
DA:189,0
DA:190,0
DA:193,0
DA:194,0
DA:195,0
DA:196,0
DA:197,0
DA:199,0
DA:200,0
DA:201,0
DA:202,0
DA:203,0
DA:204,0
DA:207,0
DA:209,0
DA:216,0
DA:217,0
DA:220,0
DA:221,0
DA:222,0
DA:225,0
DA:228,0
DA:229,0
DA:231,0
DA:232,0
DA:233,0
DA:234,0
DA:235,0
DA:236,0
DA:238,0
DA:245,0
DA:246,0
DA:247,0
DA:248,0
DA:249,0
DA:253,0
DA:256,0
DA:258,0
DA:259,0
DA:260,0
DA:263,0
DA:265,0
DA:266,0
DA:267,0
DA:268,0
DA:270,0
DA:271,0
DA:272,0
DA:273,0
DA:274,0
DA:276,0
DA:277,0
DA:278,0
DA:279,0
DA:282,0
DA:288,0
DA:289,0
DA:290,0
DA:291,0
DA:293,0
DA:294,0
DA:295,0
DA:301,0
DA:302,0
DA:305,0
DA:306,0
DA:307,0
DA:308,0
DA:311,0
DA:312,0
DA:313,0
DA:316,0
DA:317,0
DA:318,0
DA:329,0
DA:332,0
DA:333,0
DA:334,0
DA:336,0
DA:338,0
DA:340,0
DA:341,0
DA:343,0
DA:349,0
DA:350,0
DA:351,0
DA:352,0
DA:353,0
DA:354,0
DA:357,0
DA:358,0
DA:359,0
DA:360,0
DA:361,0
DA:362,0
DA:363,0
DA:364,0
DA:365,0
DA:366,0
DA:367,0
DA:370,0
DA:371,0
DA:372,0
DA:373,0
DA:374,0
DA:377,0
DA:380,0
DA:381,0
DA:382,0
DA:383,0
DA:384,0
DA:385,0
DA:389,0
DA:390,0
DA:399,0
DA:400,0
DA:401,0
DA:402,0
DA:403,0
DA:405,0
DA:413,0
DA:414,0
DA:415,0
DA:416,0
DA:417,0
DA:421,0
DA:422,0
DA:423,0
DA:425,0
DA:428,0
DA:429,0
DA:430,0
DA:433,0
DA:434,0
DA:435,0
DA:436,0
DA:437,0
DA:438,0
DA:440,0
DA:441,0
DA:445,0
DA:449,0
DA:450,0
DA:451,0
DA:454,0
DA:455,0
DA:456,0
DA:457,0
DA:461,0
DA:466,0
DA:467,0
DA:468,0
DA:470,0
DA:471,0
DA:481,0
DA:482,0
DA:483,0
DA:484,0
DA:492,0
DA:493,0
DA:494,0
DA:495,0
DA:497,0
DA:498,0
DA:504,0
DA:505,0
DA:506,0
DA:509,0
DA:510,0
DA:511,0
DA:519,0
DA:521,0
DA:522,0
DA:526,0
DA:527,0
DA:528,0
DA:529,0
DA:532,0
DA:533,0
DA:536,0
DA:537,0
DA:539,0
DA:541,0
DA:544,0
DA:545,0
DA:546,0
DA:547,0
DA:548,0
DA:555,0
DA:556,0
DA:557,0
DA:558,0
DA:559,0
DA:565,0
DA:566,0
DA:567,0
DA:574,0
DA:575,0
DA:576,0
DA:578,0
DA:579,0
DA:587,0
DA:590,0
DA:591,0
DA:608,0
DA:609,0
DA:610,0
DA:611,0
DA:615,0
DA:616,0
DA:617,0
DA:619,0
DA:622,0
DA:625,0
DA:637,0
DA:638,0
DA:639,0
DA:640,0
DA:642,0
DA:643,0
DA:652,0
DA:653,0
DA:657,0
DA:658,0
DA:662,0
DA:665,0
DA:667,0
DA:669,0
DA:671,0
DA:672,0
DA:680,0
DA:681,0
DA:682,0
DA:683,0
DA:684,0
DA:685,0
DA:692,0
DA:693,0
DA:694,0
DA:703,0
DA:704,0
DA:708,0
DA:710,0
DA:711,0
DA:713,0
DA:731,0
DA:733,0
DA:743,0
DA:752,0
DA:753,0
DA:754,0
DA:755,0
DA:757,0
DA:759,0
DA:770,0
DA:774,0
DA:775,0
DA:781,0
DA:782,0
DA:783,0
DA:789,0
DA:791,0
DA:797,0
DA:799,0
DA:807,0
DA:808,0
DA:822,0
DA:825,0
DA:826,0
DA:827,0
DA:828,0
DA:829,0
DA:830,0
DA:831,0
DA:832,0
DA:833,0
DA:836,0
DA:837,0
DA:838,0
DA:840,0
DA:846,0
DA:848,0
DA:849,0
DA:850,0
DA:851,0
DA:852,0
DA:855,0
DA:856,0
DA:857,0
DA:861,0
DA:862,0
DA:865,0
DA:868,0
DA:869,0
DA:870,0
DA:873,0
DA:875,0
DA:877,0
DA:878,0
DA:879,0
DA:880,0
DA:882,0
DA:883,0
DA:884,0
DA:885,0
DA:886,0
DA:889,0
DA:898,0
DA:899,0
DA:901,0
DA:904,0
DA:908,0
DA:911,0
DA:913,0
DA:917,0
DA:919,0
DA:920,0
DA:922,0
DA:923,0
DA:930,0
DA:931,0
DA:934,0
DA:935,0
DA:941,0
DA:942,0
DA:944,0
DA:947,0
DA:951,0
DA:955,0
DA:957,0
DA:960,0
DA:962,0
DA:963,0
DA:964,0
DA:966,0
DA:978,0
DA:979,0
DA:982,0
DA:983,0
DA:984,0
DA:985,0
DA:986,0
DA:987,0
DA:988,0
DA:994,0
DA:996,0
DA:997,0
DA:998,0
DA:999,0
DA:1001,0
DA:1003,0
DA:1006,0
DA:1014,0
DA:1016,0
DA:1017,0
DA:1019,0
DA:1020,0
DA:1021,0
DA:1028,0
DA:1029,0
DA:1030,0
DA:1032,0
DA:1037,0
DA:1039,0
DA:1040,0
DA:1041,0
DA:1042,0
DA:1044,0
DA:1045,0
DA:1046,0
DA:1049,0
DA:1059,0
DA:1061,0
DA:1062,0
DA:1072,0
DA:1073,0
DA:1076,0
DA:1077,0
DA:1090,0
DA:1091,0
DA:1092,0
DA:1093,0
DA:1094,0
DA:1095,0
DA:1096,0
DA:1108,0
DA:1110,0
DA:1111,0
DA:1120,0
DA:1122,0
DA:1124,0
DA:1129,0
DA:1130,0
DA:1131,0
DA:1133,0
DA:1140,0
DA:1143,0
DA:1144,0
DA:1148,0
DA:1151,0
DA:1152,0
DA:1153,0
DA:1154,0
DA:1155,0
DA:1157,0
DA:1162,0
DA:1163,0
DA:1164,0
DA:1166,0
DA:1177,0
DA:1179,0
DA:1181,0
DA:1186,0
DA:1187,0
DA:1188,0
DA:1190,0
DA:1197,0
DA:1199,0
DA:1200,0
DA:1201,0
DA:1202,0
DA:1220,0
DA:1222,0
DA:1223,0
DA:1225,0
DA:1226,0
DA:1228,0
DA:1229,0
DA:1230,0
DA:1231,0
DA:1233,0
DA:1234,0
DA:1235,0
DA:1236,0
DA:1237,0
DA:1238,0
DA:1239,0
DA:1240,0
DA:1241,0
DA:1244,0
DA:1246,0
DA:1249,0
DA:1252,0
DA:1255,0
DA:1256,0
DA:1257,0
DA:1258,0
DA:1259,0
DA:1261,0
DA:1264,0
DA:1265,0
DA:1266,0
DA:1267,0
DA:1271,0
DA:1273,0
DA:1275,0
DA:1276,0
DA:1277,0
DA:1278,0
DA:1280,0
DA:1281,0
DA:1282,0
DA:1284,0
DA:1285,0
DA:1286,0
DA:1288,0
DA:1290,0
DA:1293,0
DA:1300,0
DA:1301,0
DA:1310,0
DA:1318,0
DA:1319,0
DA:1320,0
DA:1322,0
DA:1326,0
DA:1327,0
DA:1328,0
DA:1330,0
DA:1334,0
DA:1335,0
DA:1336,0
DA:1337,0
DA:1338,0
DA:1340,0
DA:1341,0
DA:1343,0
DA:1345,0
DA:1352,0
DA:1355,0
DA:1356,0
DA:1363,0
DA:1364,0
DA:1365,0
DA:1366,0
DA:1368,0
DA:1371,0
DA:1372,0
DA:1374,0
DA:1387,0
DA:1388,0
DA:1390,0
DA:1391,0
DA:1393,0
DA:1394,0
DA:1395,0
DA:1396,0
DA:1399,0
DA:1402,0
DA:1406,0
DA:1409,0
DA:1410,0
DA:1412,0
DA:1414,0
DA:1415,0
DA:1416,0
DA:1418,0
DA:1420,0
DA:1422,0
DA:1425,0
DA:1426,0
DA:1428,0
DA:1429,0
DA:1438,0
DA:1440,0
DA:1441,0
DA:1442,0
DA:1444,0
DA:1450,0
DA:1452,0
DA:1453,0
DA:1454,0
DA:1460,0
DA:1462,0
DA:1475,0
DA:1476,0
DA:1477,0
DA:1478,0
DA:1479,0
DA:1483,0
DA:1484,0
DA:1485,0
DA:1487,0
DA:1488,0
DA:1490,0
DA:1491,0
DA:1500,0
DA:1507,0
DA:1508,0
DA:1509,0
DA:1510,0
DA:1520,0
DA:1521,0
DA:1534,0
DA:1536,0
DA:1541,0
DA:1543,0
DA:1545,0
DA:1554,0
DA:1555,0
DA:1556,0
DA:1557,0
DA:1561,0
DA:1562,0
DA:1564,0
DA:1565,0
DA:1566,0
DA:1567,0
DA:1569,0
DA:1570,0
DA:1571,0
DA:1572,0
DA:1573,0
DA:1582,0
DA:1583,0
DA:1585,0
DA:1586,0
DA:1587,0
DA:1589,0
DA:1590,0
DA:1599,0
DA:1600,0
DA:1601,0
DA:1604,0
DA:1613,0
DA:1614,0
DA:1615,0
DA:1618,0
DA:1631,0
DA:1632,0
DA:1633,0
DA:1634,0
DA:1637,0
DA:1638,0
DA:1639,0
DA:1640,0
DA:1644,0
DA:1647,0
DA:1648,0
DA:1649,0
DA:1650,0
DA:1654,0
DA:1655,0
DA:1660,0
DA:1661,0
DA:1662,0
LF:693
LH:1
end_of_record
SF:lib\user\userProfile_screen.dart
DA:9,102
DA:11,2
DA:12,2
DA:24,2
DA:26,2
DA:27,2
DA:30,2
DA:31,2
DA:32,2
DA:35,4
DA:36,2
DA:40,2
DA:41,6
DA:42,2
DA:44,4
DA:45,0
DA:47,0
DA:48,0
DA:49,0
DA:50,0
DA:51,0
DA:52,0
DA:53,0
DA:54,0
DA:57,0
DA:58,0
DA:59,0
DA:61,8
DA:64,0
DA:69,0
DA:70,0
DA:73,0
DA:74,0
DA:75,0
DA:76,0
DA:82,0
DA:83,0
DA:84,0
DA:87,0
DA:88,0
DA:89,0
DA:97,0
DA:99,0
DA:101,0
DA:102,0
DA:114,0
DA:116,0
DA:117,0
DA:118,0
DA:119,0
DA:120,0
DA:121,0
DA:122,0
DA:123,0
DA:126,0
DA:127,0
DA:128,0
DA:129,0
DA:132,0
DA:133,0
DA:135,0
DA:138,1
DA:139,1
DA:140,1
DA:141,1
DA:142,3
DA:146,2
DA:148,2
DA:151,2
DA:152,2
DA:153,2
DA:162,2
DA:163,2
DA:165,2
DA:166,2
DA:172,2
DA:173,2
DA:174,2
DA:175,2
DA:176,2
DA:179,2
DA:180,2
DA:181,2
DA:182,2
DA:184,2
DA:186,2
DA:195,4
DA:196,4
DA:197,4
DA:198,4
DA:199,4
DA:200,4
DA:201,4
DA:204,3
DA:205,2
DA:207,3
DA:208,2
DA:210,3
DA:211,1
DA:215,5
DA:216,1
DA:219,5
DA:220,1
DA:223,6
DA:225,6
DA:227,3
DA:228,1
DA:245,2
DA:246,2
DA:248,2
DA:250,2
DA:251,2
DA:253,2
DA:256,2
DA:257,2
DA:265,2
DA:266,2
DA:268,2
DA:269,2
DA:271,2
DA:273,2
DA:274,2
DA:283,2
DA:284,2
DA:286,2
DA:290,2
DA:292,2
DA:294,2
DA:295,2
DA:297,2
LF:130
LH:85
end_of_record
SF:lib\user\userEditProfile_screen.dart
DA:9,53
DA:11,1
DA:12,1
DA:25,1
DA:27,1
DA:28,1
DA:31,1
DA:32,1
DA:33,2
DA:36,1
DA:37,4
DA:38,1
DA:41,2
DA:42,0
DA:43,0
DA:44,0
DA:45,0
DA:46,0
DA:47,0
DA:48,0
DA:51,3
DA:54,0
DA:58,1
DA:59,3
DA:60,3
DA:61,3
DA:62,3
DA:63,3
DA:65,2
DA:66,3
DA:71,1
DA:72,2
DA:73,1
DA:74,2
DA:75,1
DA:84,2
DA:85,0
DA:86,0
DA:87,0
DA:88,0
DA:90,0
DA:93,2
DA:94,0
DA:97,3
DA:101,1
DA:102,1
DA:108,1
DA:109,1
DA:112,1
DA:113,1
DA:119,1
DA:121,1
DA:123,1
DA:131,1
DA:132,1
DA:133,1
DA:144,1
DA:145,1
DA:146,1
DA:148,1
DA:150,1
DA:151,1
DA:153,2
DA:154,1
DA:158,2
DA:160,2
DA:162,2
DA:164,2
DA:166,2
DA:168,2
DA:169,1
DA:171,1
DA:172,1
DA:176,1
DA:177,1
DA:178,1
DA:179,1
DA:180,2
DA:181,1
DA:182,1
DA:183,1
DA:184,1
DA:192,1
DA:193,1
DA:194,1
DA:195,1
DA:198,1
DA:199,1
DA:219,1
DA:220,1
DA:223,1
LF:91
LH:77
end_of_record
SF:lib\user\userChangePassword_screen.dart
DA:8,53
DA:10,1
DA:11,1
DA:32,1
DA:33,2
DA:34,1
DA:35,3
DA:36,3
DA:37,3
DA:38,3
DA:39,3
DA:43,1
DA:45,1
DA:46,1
DA:49,1
DA:50,1
DA:51,2
DA:52,2
DA:56,1
DA:57,3
DA:58,3
DA:59,3
DA:61,3
DA:63,3
DA:64,3
DA:68,1
DA:69,3
DA:73,1
DA:74,3
DA:79,0
DA:80,0
DA:81,0
DA:82,0
DA:83,0
DA:90,0
DA:91,0
DA:92,0
DA:95,0
DA:96,0
DA:100,0
DA:101,0
DA:106,1
DA:107,1
DA:113,1
DA:114,1
DA:117,1
DA:118,1
DA:124,1
DA:126,1
DA:128,1
DA:136,1
DA:137,1
DA:138,1
DA:146,1
DA:148,0
DA:151,1
DA:152,1
DA:153,1
DA:155,1
DA:157,1
DA:158,1
DA:160,2
DA:161,1
DA:166,4
DA:167,4
DA:171,3
DA:172,0
DA:173,1
DA:176,2
DA:177,2
DA:178,2
DA:179,2
DA:180,2
DA:183,3
DA:184,0
DA:187,2
DA:188,1
DA:190,2
DA:192,1
DA:194,1
DA:195,1
DA:196,1
DA:197,2
DA:198,1
DA:199,1
DA:200,2
DA:206,1
DA:207,1
DA:208,1
DA:209,1
DA:212,2
DA:231,1
DA:238,1
DA:243,2
DA:244,1
DA:245,1
DA:252,1
DA:253,1
DA:254,1
DA:255,1
DA:261,1
DA:263,1
LF:102
LH:87
end_of_record
SF:lib\user\userDeleteAccount_screen.dart
DA:8,53
DA:10,1
DA:11,1
DA:20,1
DA:22,1
DA:23,1
DA:26,1
DA:27,1
DA:28,2
DA:29,2
DA:33,1
DA:34,3
DA:35,2
DA:36,3
DA:40,0
DA:41,0
DA:42,0
DA:45,0
DA:46,0
DA:47,0
DA:48,0
DA:51,0
DA:53,0
DA:54,0
DA:57,0
DA:60,0
DA:61,0
DA:62,0
DA:63,0
DA:66,0
DA:67,0
DA:68,0
DA:69,0
DA:70,0
DA:71,0
DA:72,0
DA:73,0
DA:76,0
DA:77,0
DA:78,0
DA:79,0
DA:80,0
DA:81,0
DA:82,0
DA:85,0
DA:86,0
DA:87,0
DA:88,0
DA:89,0
DA:90,0
DA:91,0
DA:92,0
DA:95,0
DA:96,0
DA:97,0
DA:98,0
DA:99,0
DA:100,0
DA:103,0
DA:104,0
DA:108,0
DA:110,0
DA:111,0
DA:114,0
DA:115,0
DA:119,1
DA:120,1
DA:131,1
DA:132,1
DA:135,1
DA:136,1
DA:142,1
DA:144,1
DA:146,1
DA:159,1
DA:160,1
DA:161,1
DA:170,1
DA:172,1
DA:174,1
DA:187,1
DA:188,1
DA:191,1
DA:195,2
DA:196,1
DA:197,1
DA:198,1
DA:199,2
DA:203,1
DA:205,1
DA:206,1
DA:207,1
DA:208,2
DA:209,1
DA:210,1
DA:211,1
DA:212,1
DA:222,1
DA:223,1
DA:224,2
DA:225,1
DA:227,1
DA:228,1
DA:232,1
LF:104
LH:53
end_of_record
SF:lib\user\userQRCode_screen.dart
DA:10,54
DA:12,2
DA:13,2
DA:21,2
DA:22,2
DA:23,2
DA:24,2
DA:25,2
DA:28,2
DA:30,2
DA:31,6
DA:32,2
DA:34,4
DA:35,0
DA:36,0
DA:38,0
DA:41,8
DA:44,0
DA:49,4
DA:50,2
DA:51,2
DA:53,4
DA:59,4
DA:60,2
DA:62,2
DA:65,2
DA:66,2
DA:73,2
DA:77,4
DA:80,2
DA:81,2
DA:85,2
DA:86,6
DA:94,0
DA:95,0
DA:96,0
DA:97,0
DA:102,2
DA:103,4
DA:104,2
DA:105,2
DA:109,1
DA:110,2
DA:113,2
DA:115,2
DA:116,2
DA:119,2
DA:121,2
DA:123,2
DA:124,2
DA:125,2
DA:134,2
DA:135,2
DA:137,2
DA:139,2
DA:140,2
DA:147,2
DA:150,2
DA:156,2
DA:157,2
DA:160,2
DA:161,2
DA:167,2
DA:168,2
DA:169,2
DA:170,2
DA:171,2
DA:173,2
DA:174,2
DA:177,2
DA:178,2
DA:179,2
DA:180,2
DA:182,2
DA:184,2
DA:192,2
DA:193,2
DA:194,2
DA:203,2
DA:204,0
DA:207,2
DA:209,2
DA:210,2
DA:211,2
DA:212,2
DA:215,2
DA:216,2
DA:225,2
DA:226,2
DA:227,2
DA:243,2
DA:245,2
DA:251,2
DA:252,4
DA:253,4
DA:254,2
DA:255,2
DA:268,2
DA:271,2
DA:273,2
DA:276,2
DA:278,2
DA:280,2
DA:281,2
DA:283,2
LF:105
LH:96
end_of_record
SF:lib\user\userQRScanner_screen.dart
DA:13,57
DA:15,4
DA:16,4
DA:27,4
DA:29,4
DA:30,4
DA:33,4
DA:34,4
DA:35,0
DA:36,0
DA:40,0
DA:42,0
DA:43,0
DA:44,0
DA:45,0
DA:46,0
DA:50,0
DA:51,0
DA:52,0
DA:53,0
DA:54,0
DA:56,0
DA:57,0
DA:58,0
DA:62,0
DA:68,0
DA:71,0
DA:74,0
DA:75,0
DA:76,0
DA:77,0
DA:79,0
DA:84,0
DA:85,0
DA:86,0
DA:96,0
DA:97,0
DA:98,0
DA:99,0
DA:100,0
DA:102,0
DA:111,0
DA:113,0
DA:116,0
DA:117,0
DA:122,0
DA:123,0
DA:130,0
DA:131,0
DA:136,0
DA:137,0
DA:142,0
DA:143,0
DA:149,0
DA:150,0
DA:153,0
DA:157,0
DA:162,0
DA:163,0
DA:167,0
DA:172,0
DA:173,0
DA:185,0
DA:186,0
DA:190,0
DA:191,0
DA:194,0
DA:195,0
DA:199,0
DA:200,0
DA:204,0
DA:205,0
DA:206,0
DA:207,0
DA:209,0
DA:210,0
DA:214,0
DA:217,0
DA:218,0
DA:219,0
DA:221,0
DA:222,0
DA:223,0
DA:224,0
DA:229,0
DA:230,0
DA:234,0
DA:235,0
DA:236,0
DA:242,0
DA:243,0
DA:247,0
DA:248,0
DA:253,0
DA:256,0
DA:258,0
DA:261,0
DA:262,0
DA:263,0
DA:266,0
DA:267,0
DA:271,0
DA:272,0
DA:273,0
DA:276,0
DA:278,0
DA:279,0
DA:280,0
DA:283,0
DA:284,0
DA:286,0
DA:290,0
DA:291,0
DA:293,0
DA:297,0
DA:298,0
DA:300,0
DA:304,0
DA:305,0
DA:307,0
DA:311,0
DA:312,0
DA:317,0
DA:318,0
DA:319,0
DA:322,0
DA:323,0
DA:324,0
DA:327,0
DA:330,0
DA:331,0
DA:332,0
DA:336,0
DA:337,0
DA:340,0
DA:343,0
DA:344,0
DA:347,0
DA:349,0
DA:352,0
DA:353,0
DA:354,0
DA:355,0
DA:356,0
DA:361,4
DA:363,4
DA:364,4
DA:367,4
DA:369,4
DA:370,4
DA:372,4
DA:377,4
DA:378,4
DA:380,4
DA:389,4
DA:390,4
DA:391,4
DA:403,0
DA:405,0
DA:409,0
DA:410,0
DA:411,0
DA:412,0
DA:416,0
DA:417,0
DA:418,0
DA:420,0
DA:422,0
DA:423,0
DA:424,0
DA:425,0
DA:426,0
DA:429,0
DA:430,0
DA:431,0
DA:432,0
DA:433,0
DA:434,0
DA:435,0
DA:458,0
DA:460,0
DA:463,0
DA:465,0
DA:473,0
DA:474,0
DA:476,0
DA:477,0
LF:187
LH:21
end_of_record
SF:lib\user\userQRIntro_screen.dart
DA:4,53
DA:6,1
DA:8,1
DA:10,1
DA:19,1
DA:21,1
DA:23,1
DA:27,1
DA:35,1
DA:36,1
DA:38,1
DA:40,1
DA:65,1
DA:66,1
DA:67,1
DA:68,1
DA:70,1
DA:72,1
DA:73,1
DA:74,1
DA:76,1
DA:79,1
DA:80,1
DA:102,1
DA:103,1
DA:105,1
DA:106,1
DA:107,1
DA:109,1
DA:110,1
LF:30
LH:30
end_of_record
SF:lib\user\userMapOnly_screen.dart
DA:11,102
DA:13,1
DA:14,1
DA:35,1
DA:37,2
DA:38,1
DA:39,1
DA:42,1
DA:44,1
DA:45,1
DA:48,1
DA:50,1
DA:53,2
DA:54,0
DA:55,0
DA:57,2
DA:61,1
DA:64,2
DA:65,1
DA:66,2
DA:67,1
DA:70,1
DA:71,1
DA:72,1
DA:75,1
DA:76,1
DA:78,2
DA:79,4
DA:80,4
DA:83,1
DA:84,2
DA:90,1
DA:91,2
DA:93,5
DA:94,3
DA:95,3
DA:98,3
DA:100,0
DA:102,0
DA:108,0
DA:109,0
DA:111,0
DA:112,0
DA:113,0
DA:118,1
DA:119,1
DA:122,1
DA:125,1
DA:126,1
DA:127,1
DA:132,2
DA:133,1
DA:134,1
DA:137,1
DA:138,2
DA:139,1
DA:140,1
DA:146,1
DA:148,1
DA:151,0
DA:155,1
DA:158,1
DA:163,1
DA:164,1
DA:165,1
DA:167,1
DA:168,1
DA:170,1
DA:171,1
DA:172,1
DA:173,1
DA:174,1
DA:176,1
DA:177,1
DA:178,5
DA:181,1
DA:182,5
DA:185,1
DA:186,5
DA:189,1
DA:190,5
DA:193,1
DA:194,3
DA:197,1
DA:198,3
DA:201,1
DA:202,3
DA:206,1
DA:207,1
DA:208,3
DA:210,1
DA:211,3
DA:213,1
DA:214,3
DA:216,1
DA:217,3
DA:220,1
DA:221,1
DA:226,1
DA:231,1
DA:232,1
DA:234,1
DA:235,1
DA:237,1
DA:238,1
DA:239,1
DA:240,1
DA:241,1
DA:243,1
DA:244,1
DA:245,5
DA:248,1
DA:249,5
DA:252,1
DA:253,5
DA:256,1
DA:257,5
DA:260,1
DA:261,3
DA:264,1
DA:265,3
DA:269,1
DA:270,1
DA:271,3
DA:273,1
DA:274,3
DA:276,1
DA:277,3
DA:279,1
DA:280,3
DA:283,1
DA:284,1
DA:288,2
DA:289,2
DA:290,1
DA:294,1
DA:297,1
DA:299,0
DA:300,0
DA:301,0
DA:306,0
DA:308,0
DA:309,0
DA:310,0
DA:311,0
DA:313,0
DA:314,0
DA:316,0
DA:317,0
DA:318,0
DA:319,0
DA:320,0
DA:322,0
DA:323,0
DA:324,0
DA:325,0
DA:327,0
DA:331,0
DA:334,0
DA:336,0
DA:338,0
DA:339,0
DA:341,0
DA:344,0
DA:345,0
DA:346,0
DA:351,0
DA:352,0
DA:353,0
DA:354,0
DA:355,0
DA:358,0
DA:359,0
DA:360,0
DA:361,0
DA:367,0
DA:368,0
DA:369,0
DA:370,0
DA:371,0
DA:373,0
DA:374,0
DA:375,0
DA:376,0
DA:377,0
DA:378,0
DA:390,1
DA:391,1
DA:394,1
DA:395,1
DA:397,1
DA:399,2
DA:404,1
DA:406,1
DA:409,2
DA:410,0
DA:414,2
DA:416,2
DA:417,0
DA:418,0
DA:419,0
DA:421,0
DA:422,0
DA:424,0
DA:425,0
DA:426,0
DA:433,0
DA:434,0
DA:437,0
DA:440,0
DA:441,0
DA:442,0
DA:443,0
DA:444,0
DA:445,0
DA:446,0
DA:447,0
DA:452,0
DA:453,0
DA:457,0
DA:459,0
DA:462,0
DA:466,0
DA:467,0
DA:468,0
DA:470,0
DA:472,0
DA:475,0
DA:479,0
DA:480,0
DA:481,0
DA:482,0
DA:486,0
DA:488,0
DA:491,0
DA:492,0
DA:493,0
DA:500,0
DA:501,0
DA:504,0
DA:505,0
DA:507,0
DA:508,0
DA:509,0
DA:510,0
DA:511,0
DA:512,0
DA:513,0
DA:514,0
DA:515,0
DA:518,0
DA:520,0
DA:521,0
DA:522,0
DA:523,0
DA:524,0
DA:525,0
DA:526,0
DA:527,0
DA:528,0
DA:534,0
DA:538,0
DA:540,0
DA:541,0
DA:542,0
DA:543,0
DA:545,0
DA:546,0
DA:548,0
DA:549,0
DA:550,0
DA:551,0
DA:552,0
DA:554,0
DA:555,0
DA:556,0
DA:559,0
DA:560,0
DA:561,0
DA:562,0
DA:566,0
DA:567,0
DA:568,0
DA:573,0
DA:579,0
DA:581,0
DA:586,0
DA:587,0
DA:588,0
DA:590,0
DA:591,0
DA:593,0
DA:594,0
DA:595,0
DA:596,0
DA:597,0
DA:599,0
DA:600,0
DA:601,0
DA:604,0
DA:605,0
DA:608,0
DA:609,0
DA:612,0
DA:613,0
DA:616,0
DA:617,0
DA:620,0
DA:621,0
DA:624,0
DA:625,0
DA:629,0
DA:630,0
DA:631,0
DA:633,0
DA:634,0
DA:636,0
DA:637,0
DA:639,0
DA:640,0
DA:643,0
DA:644,0
DA:649,0
DA:654,0
DA:655,0
DA:657,0
DA:658,0
DA:660,0
DA:661,0
DA:662,0
DA:663,0
DA:664,0
DA:666,0
DA:667,0
DA:668,0
DA:671,0
DA:672,0
DA:675,0
DA:676,0
DA:679,0
DA:680,0
DA:683,0
DA:684,0
DA:687,0
DA:688,0
DA:692,0
DA:693,0
DA:694,0
DA:696,0
DA:697,0
DA:699,0
DA:700,0
DA:702,0
DA:703,0
DA:706,0
DA:707,0
DA:711,0
DA:712,0
DA:717,0
DA:718,0
DA:719,0
DA:720,0
DA:721,0
DA:723,0
DA:724,0
DA:726,0
DA:727,0
DA:728,0
DA:729,0
DA:730,0
DA:732,0
DA:733,0
DA:734,0
DA:735,0
DA:741,1
DA:743,1
DA:744,1
DA:746,1
DA:747,2
DA:749,1
DA:751,1
DA:762,1
DA:763,1
DA:764,1
DA:765,2
DA:767,1
DA:769,1
DA:772,1
DA:774,1
DA:775,1
DA:777,1
DA:779,1
DA:786,1
DA:787,1
DA:792,1
DA:793,1
DA:794,2
DA:795,1
DA:796,1
DA:798,1
DA:800,1
DA:814,1
DA:815,3
DA:816,3
DA:820,2
DA:821,4
DA:824,0
DA:825,0
DA:826,0
DA:827,0
DA:832,0
DA:833,0
DA:834,0
DA:836,0
DA:838,0
DA:841,0
DA:850,1
DA:852,1
DA:853,1
DA:854,1
DA:860,1
DA:865,1
DA:866,3
DA:874,1
DA:876,1
DA:879,1
DA:880,1
DA:882,1
DA:883,1
DA:886,1
DA:887,1
DA:888,1
DA:889,1
DA:890,1
DA:891,1
DA:898,1
DA:900,1
DA:901,1
DA:904,1
DA:906,1
DA:908,1
DA:909,2
DA:916,1
DA:917,1
DA:918,1
DA:919,2
DA:920,1
DA:921,2
DA:922,1
DA:925,2
DA:926,1
DA:927,1
DA:928,3
DA:930,2
DA:931,1
DA:932,4
DA:933,1
DA:937,1
DA:938,2
DA:940,1
DA:944,2
DA:950,1
DA:951,2
DA:952,1
DA:953,2
DA:954,1
DA:957,2
DA:958,1
DA:959,1
DA:960,3
DA:962,2
DA:963,1
DA:964,4
DA:965,1
DA:969,1
DA:970,2
DA:972,1
DA:976,2
DA:988,1
DA:990,1
DA:992,1
DA:993,1
DA:995,1
DA:996,1
DA:997,1
DA:998,1
DA:1005,1
DA:1006,1
DA:1007,1
DA:1011,1
DA:1012,1
DA:1013,1
DA:1021,1
DA:1023,1
DA:1025,1
DA:1026,1
DA:1028,1
DA:1029,1
DA:1030,1
DA:1031,1
DA:1040,1
DA:1043,1
DA:1056,1
DA:1058,1
DA:1061,1
DA:1062,1
DA:1063,1
DA:1064,1
DA:1065,1
DA:1066,1
DA:1067,1
DA:1068,1
DA:1070,1
DA:1072,1
DA:1076,1
DA:1077,1
DA:1110,49
DA:1112,1
DA:1114,1
DA:1116,1
DA:1117,1
DA:1119,1
DA:1123,1
DA:1124,1
DA:1125,1
DA:1126,1
DA:1127,1
DA:1128,1
DA:1133,1
DA:1137,1
DA:1138,1
DA:1139,1
DA:1140,1
DA:1141,1
DA:1142,1
DA:1150,1
DA:1151,1
DA:1153,1
DA:1154,1
DA:1155,1
DA:1156,2
DA:1158,1
DA:1160,1
DA:1161,1
DA:1164,1
DA:1166,1
DA:1167,1
DA:1169,1
DA:1170,1
DA:1171,1
DA:1172,1
DA:1173,1
DA:1182,1
DA:1197,0
DA:1199,0
DA:1201,0
DA:1203,0
DA:1207,0
DA:1208,0
DA:1209,0
DA:1210,0
DA:1211,0
DA:1212,0
DA:1213,0
DA:1214,0
DA:1215,0
DA:1216,0
DA:1217,0
DA:1218,0
DA:1224,0
DA:1225,0
DA:1227,0
DA:1228,0
DA:1229,0
DA:1230,0
DA:1232,0
DA:1234,0
DA:1235,0
DA:1238,0
DA:1240,0
DA:1241,0
DA:1243,0
DA:1244,0
DA:1245,0
DA:1246,0
DA:1247,0
DA:1256,0
LF:587
LH:307
end_of_record
SF:lib\user\userEstimationFee_screen.dart
DA:9,53
DA:11,1
DA:12,1
DA:28,1
DA:29,1
DA:30,1
DA:31,1
DA:32,1
DA:33,1
DA:34,1
DA:35,1
DA:37,1
DA:38,1
DA:40,2
DA:41,1
DA:42,1
DA:46,2
DA:48,1
DA:49,1
DA:50,2
DA:51,2
DA:52,2
DA:56,1
DA:58,1
DA:59,1
DA:62,2
DA:63,0
DA:64,0
DA:66,0
DA:67,0
DA:68,0
DA:69,0
DA:70,0
DA:71,0
DA:72,0
DA:73,0
DA:74,0
DA:75,0
DA:76,0
DA:77,0
DA:80,1
DA:83,2
DA:84,1
DA:86,2
DA:90,1
DA:92,1
DA:93,1
DA:96,1
DA:98,1
DA:101,1
DA:102,1
DA:103,1
DA:112,1
DA:113,1
DA:115,1
DA:117,1
DA:118,1
DA:124,1
DA:125,1
DA:126,1
DA:127,1
DA:128,1
DA:131,1
DA:132,1
DA:133,1
DA:134,1
DA:136,1
DA:138,1
DA:147,2
DA:148,2
DA:149,2
DA:150,2
DA:152,4
DA:154,4
DA:156,4
DA:158,4
DA:160,4
DA:162,1
DA:163,3
DA:172,1
DA:173,1
DA:174,1
DA:175,2
DA:176,0
DA:180,1
DA:181,1
DA:182,0
DA:196,1
DA:197,1
DA:199,1
DA:201,1
DA:202,1
DA:204,1
DA:205,1
DA:209,1
DA:210,1
DA:220,1
DA:221,1
DA:223,1
DA:226,1
DA:228,1
DA:230,1
DA:231,1
DA:233,1
LF:104
LH:88
end_of_record
SF:lib\user\userCarbonEmission_screen.dart
DA:8,103
DA:10,4
DA:11,4
DA:19,4
DA:21,4
DA:22,4
DA:25,4
DA:27,4
DA:28,4
DA:30,3
DA:31,6
DA:32,6
DA:33,3
DA:34,3
DA:35,0
DA:41,9
DA:42,3
DA:43,12
DA:45,12
DA:47,6
DA:48,0
DA:49,0
DA:52,0
DA:55,0
DA:56,0
DA:57,0
DA:58,0
DA:60,0
DA:61,0
DA:62,0
DA:63,0
DA:65,0
DA:66,0
DA:67,0
DA:68,0
DA:69,0
DA:72,0
DA:73,0
DA:76,0
DA:78,0
DA:79,0
DA:82,12
DA:85,0
DA:87,8
DA:88,4
DA:93,4
DA:95,4
DA:97,4
DA:100,4
DA:101,0
DA:103,0
DA:104,0
DA:105,0
DA:116,4
DA:125,4
DA:127,3
DA:128,0
DA:129,3
DA:134,3
DA:135,6
DA:136,15
DA:138,3
DA:139,3
DA:141,3
DA:158,3
DA:159,2
DA:160,4
DA:161,4
DA:162,0
DA:163,0
DA:164,0
DA:167,4
DA:168,4
DA:176,3
DA:179,6
DA:195,0
DA:196,0
DA:198,0
DA:199,0
DA:203,0
DA:205,0
DA:206,0
DA:207,0
DA:208,0
DA:209,0
DA:211,0
DA:212,0
DA:214,0
DA:215,0
DA:217,0
DA:218,0
DA:219,0
DA:220,0
DA:226,0
DA:234,0
DA:237,0
DA:238,0
DA:244,0
DA:245,0
DA:246,0
DA:252,0
DA:255,0
DA:256,0
DA:258,0
DA:259,0
DA:260,0
DA:261,0
DA:263,0
LF:108
LH:44
end_of_record
SF:lib\user\add_wallet_balance_screen.dart
DA:8,53
DA:10,1
DA:11,1
DA:21,1
DA:23,1
DA:24,1
DA:27,1
DA:28,1
DA:29,1
DA:30,2
DA:33,1
DA:34,2
DA:35,1
DA:38,2
DA:39,0
DA:40,0
DA:42,0
DA:43,0
DA:45,0
DA:46,0
DA:47,0
DA:48,0
DA:49,0
DA:51,0
DA:53,0
DA:56,4
DA:57,2
DA:58,2
DA:59,1
DA:60,1
DA:64,0
DA:65,0
DA:66,0
DA:67,0
DA:68,0
DA:73,0
DA:74,0
DA:75,0
DA:77,0
DA:79,0
DA:80,0
DA:84,0
DA:85,0
DA:86,0
DA:87,0
DA:90,0
DA:92,0
DA:93,0
DA:95,0
DA:97,0
DA:98,0
DA:103,0
DA:104,0
DA:110,0
DA:111,0
DA:112,0
DA:115,0
DA:116,0
DA:117,0
DA:120,0
DA:121,0
DA:122,0
DA:124,0
DA:126,0
DA:127,0
DA:128,0
DA:134,0
DA:137,0
DA:138,0
DA:139,0
DA:143,0
DA:144,0
DA:152,0
DA:153,0
DA:162,1
DA:163,1
DA:164,0
DA:165,1
DA:166,1
DA:169,2
DA:171,1
DA:178,0
DA:179,0
DA:180,0
DA:181,0
DA:182,0
DA:185,0
DA:186,0
DA:187,0
DA:188,0
DA:190,0
DA:191,0
DA:193,0
DA:194,0
DA:203,0
DA:210,0
DA:211,0
DA:212,0
DA:213,0
DA:223,0
DA:224,0
DA:237,0
DA:239,0
DA:244,0
DA:246,0
DA:247,0
DA:258,0
DA:259,0
DA:260,0
DA:261,0
DA:265,0
DA:266,0
DA:281,0
DA:289,0
DA:290,0
DA:291,0
DA:292,0
DA:294,0
DA:295,0
DA:296,0
DA:297,0
DA:298,0
DA:307,0
DA:308,0
DA:310,0
DA:311,0
DA:312,0
DA:314,0
DA:315,0
DA:324,0
DA:325,0
DA:326,0
DA:329,0
DA:338,0
DA:339,0
DA:340,0
DA:342,0
DA:355,0
DA:356,0
DA:357,0
DA:358,0
DA:361,0
DA:362,0
DA:363,0
DA:364,0
DA:368,0
DA:371,0
DA:372,0
DA:373,0
DA:374,0
DA:378,0
DA:379,0
DA:383,0
DA:384,0
DA:393,1
DA:395,1
DA:396,1
DA:400,1
DA:402,1
DA:410,1
DA:412,1
DA:413,1
DA:415,1
DA:417,1
DA:425,1
DA:429,1
DA:430,1
DA:436,1
DA:437,1
DA:438,1
DA:444,1
DA:446,1
DA:452,1
DA:454,1
DA:462,1
DA:463,3
DA:476,1
DA:482,1
DA:483,2
DA:484,2
DA:496,2
DA:497,0
DA:498,0
DA:499,0
DA:500,0
DA:501,0
DA:503,0
DA:504,0
DA:505,0
DA:507,0
DA:508,0
DA:509,0
DA:510,0
DA:513,0
DA:515,0
DA:520,1
DA:522,1
DA:524,1
DA:525,1
DA:526,1
DA:527,2
DA:529,1
DA:530,1
DA:531,1
DA:533,1
DA:535,1
DA:537,1
DA:540,1
DA:544,1
DA:547,1
DA:549,1
DA:557,1
DA:560,1
DA:562,1
DA:563,1
DA:564,1
DA:565,2
DA:567,1
DA:569,1
DA:570,1
DA:571,1
DA:572,2
DA:574,1
DA:576,1
DA:579,1
DA:585,1
DA:587,1
DA:589,1
DA:593,1
DA:595,1
DA:596,1
DA:597,1
DA:598,1
DA:599,1
DA:606,1
DA:607,1
DA:608,1
DA:609,2
DA:610,1
DA:611,0
DA:612,1
DA:613,2
DA:615,2
DA:617,1
DA:618,2
LF:245
LH:101
end_of_record
SF:lib\operator\operatorLogin_screen.dart
DA:8,52
DA:10,1
DA:11,1
DA:23,0
DA:24,0
DA:25,0
DA:26,0
DA:27,0
DA:29,0
DA:31,0
DA:32,0
DA:36,0
DA:39,0
DA:40,0
DA:41,0
DA:42,0
DA:48,0
DA:50,0
DA:51,0
DA:52,0
DA:53,0
DA:54,0
DA:55,0
DA:56,0
DA:58,0
DA:59,0
DA:61,0
DA:62,0
DA:63,0
DA:64,0
DA:66,0
DA:71,0
DA:72,0
DA:74,0
DA:78,1
DA:79,1
DA:85,1
DA:86,1
DA:89,1
DA:90,1
DA:96,1
DA:98,1
DA:100,1
DA:101,1
DA:102,1
DA:111,1
DA:112,1
DA:114,1
DA:116,1
DA:122,3
DA:125,3
DA:128,3
DA:131,3
DA:134,2
DA:135,0
DA:137,0
DA:139,0
DA:142,1
DA:144,1
DA:146,1
DA:147,0
DA:151,1
DA:153,1
DA:154,1
DA:155,1
DA:156,0
DA:157,1
DA:158,1
DA:159,2
DA:165,1
DA:166,1
DA:167,2
DA:168,1
DA:170,2
DA:173,1
LF:75
LH:39
end_of_record
SF:lib\operator\operatorDashboard_screen.dart
DA:13,53
DA:15,1
DA:16,1
DA:32,0
DA:34,0
DA:35,0
DA:36,0
DA:37,0
DA:38,0
DA:41,0
DA:43,0
DA:44,0
DA:48,0
DA:50,0
DA:51,0
DA:52,0
DA:53,0
DA:59,0
DA:60,0
DA:63,0
DA:64,0
DA:65,0
DA:68,0
DA:69,0
DA:71,0
DA:72,0
DA:73,0
DA:74,0
DA:75,0
DA:79,0
DA:82,0
DA:87,0
DA:88,0
DA:89,0
DA:91,0
DA:92,0
DA:93,0
DA:96,0
DA:98,0
DA:99,0
DA:100,0
DA:101,0
DA:102,0
DA:103,0
DA:106,0
DA:107,0
DA:110,0
DA:116,0
DA:118,0
DA:122,0
DA:123,0
DA:124,0
DA:126,0
DA:127,0
DA:128,0
DA:131,0
DA:133,0
DA:143,0
DA:144,0
DA:145,0
DA:147,0
DA:148,0
DA:152,0
DA:153,0
DA:154,0
DA:158,0
DA:159,0
DA:160,0
DA:161,0
DA:162,0
DA:163,0
DA:164,0
DA:171,0
DA:173,0
DA:174,0
DA:177,0
DA:178,0
DA:179,0
DA:180,0
DA:181,0
DA:187,0
DA:188,0
DA:189,0
DA:193,0
DA:199,0
DA:201,0
DA:202,0
DA:203,0
DA:204,0
DA:212,0
DA:213,0
DA:214,0
DA:222,0
DA:224,0
DA:225,0
DA:235,0
DA:236,0
DA:237,0
DA:238,0
DA:239,0
DA:243,0
DA:248,0
DA:249,0
DA:253,0
DA:266,0
DA:268,0
DA:274,0
DA:275,0
DA:276,0
DA:277,0
DA:278,0
DA:291,0
DA:292,0
DA:294,0
DA:295,0
DA:297,0
DA:299,0
DA:300,0
DA:301,0
DA:302,0
DA:303,0
DA:304,0
DA:305,0
DA:306,0
DA:308,0
LF:125
LH:3
end_of_record
SF:lib\operator\operatorContactSupport_screen.dart
DA:4,53
DA:6,1
DA:8,1
DA:10,1
DA:18,1
DA:19,1
DA:20,1
DA:34,1
DA:35,1
DA:37,1
DA:39,1
DA:51,1
DA:57,1
DA:63,1
DA:78,1
DA:83,1
DA:85,1
DA:87,1
DA:88,2
DA:89,1
DA:90,1
DA:91,1
DA:97,1
DA:98,1
DA:99,2
DA:101,1
DA:102,1
DA:104,1
DA:105,1
DA:109,1
LF:30
LH:30
end_of_record
SF:lib\operator\operatorProfile_screen.dart
DA:9,103
DA:11,2
DA:12,2
DA:20,2
DA:22,2
DA:23,2
DA:26,2
DA:27,2
DA:28,2
DA:29,2
DA:30,2
DA:34,4
DA:35,2
DA:36,2
DA:37,2
DA:41,2
DA:42,6
DA:43,2
DA:45,4
DA:46,0
DA:47,0
DA:48,0
DA:51,8
DA:54,0
DA:58,1
DA:59,1
DA:60,1
DA:61,1
DA:62,3
DA:66,2
DA:68,2
DA:71,2
DA:72,2
DA:73,2
DA:82,2
DA:83,2
DA:85,2
DA:86,2
DA:92,2
DA:93,2
DA:94,2
DA:95,2
DA:96,2
DA:99,2
DA:100,2
DA:101,2
DA:102,2
DA:104,2
DA:106,2
DA:115,4
DA:116,4
DA:117,4
DA:120,6
DA:121,2
DA:122,0
DA:123,0
DA:127,2
DA:128,0
DA:131,2
DA:132,0
DA:135,2
DA:136,0
DA:139,6
DA:151,2
DA:153,2
DA:159,1
DA:160,1
DA:161,2
DA:162,0
DA:163,0
DA:176,2
DA:177,2
DA:179,2
DA:180,2
DA:181,2
DA:183,2
DA:186,2
DA:187,2
DA:195,2
DA:197,2
DA:199,2
DA:203,2
DA:205,2
DA:207,2
DA:208,2
DA:210,2
LF:86
LH:75
end_of_record
SF:lib\operator\operatorEditProfile_screen.dart
DA:11,55
DA:13,3
DA:14,3
DA:26,3
DA:28,3
DA:29,3
DA:32,3
DA:33,3
DA:34,6
DA:35,6
DA:36,6
DA:37,6
DA:38,9
DA:42,3
DA:43,9
DA:45,3
DA:46,9
DA:50,6
DA:51,6
DA:55,6
DA:57,3
DA:58,3
DA:59,6
DA:61,3
DA:62,3
DA:68,3
DA:69,3
DA:79,3
DA:80,3
DA:81,6
DA:84,3
DA:85,3
DA:88,3
DA:89,3
DA:92,1
DA:93,1
DA:94,4
DA:103,1
DA:104,3
DA:107,1
DA:108,2
DA:109,1
DA:110,2
DA:111,1
DA:112,1
DA:118,2
DA:119,0
DA:120,0
DA:121,0
DA:123,0
DA:127,0
DA:128,0
DA:129,0
DA:132,2
DA:133,0
DA:136,3
DA:140,3
DA:141,3
DA:147,3
DA:148,3
DA:151,3
DA:152,3
DA:158,3
DA:159,3
DA:163,3
DA:167,3
DA:169,3
DA:172,3
DA:173,3
DA:174,3
DA:183,3
DA:184,3
DA:186,3
DA:188,3
DA:195,9
DA:197,9
DA:199,6
DA:201,6
DA:202,3
DA:204,3
DA:205,3
DA:209,3
DA:210,3
DA:211,3
DA:212,3
DA:213,4
DA:214,3
DA:215,3
DA:216,3
DA:217,3
DA:224,3
DA:225,3
DA:226,3
DA:227,3
DA:230,3
DA:231,3
LF:96
LH:88
end_of_record
SF:lib\operator\operatorChangePassword_screen.dart
DA:10,53
DA:12,1
DA:13,1
DA:30,1
DA:32,1
DA:33,1
DA:34,5
DA:37,1
DA:38,1
DA:39,2
DA:40,2
DA:41,2
DA:42,2
DA:46,1
DA:47,3
DA:48,3
DA:49,3
DA:51,3
DA:53,3
DA:54,3
DA:58,1
DA:59,3
DA:63,1
DA:64,1
DA:65,1
DA:66,1
DA:67,1
DA:68,3
DA:73,1
DA:74,2
DA:75,1
DA:76,2
DA:77,1
DA:78,1
DA:85,2
DA:87,0
DA:88,0
DA:89,0
DA:92,0
DA:95,0
DA:98,4
DA:102,3
DA:103,3
DA:104,3
DA:105,3
DA:106,3
DA:108,1
DA:109,1
DA:110,1
DA:111,1
DA:113,2
DA:118,1
DA:119,1
DA:125,1
DA:126,1
DA:129,1
DA:130,1
DA:136,1
DA:137,1
DA:141,1
DA:144,1
DA:145,1
DA:149,1
DA:150,1
DA:153,1
DA:154,1
DA:161,1
DA:163,2
DA:165,1
DA:167,1
DA:168,1
DA:169,1
DA:178,1
DA:179,1
DA:181,1
DA:183,1
DA:192,1
DA:194,2
DA:195,1
DA:200,8
DA:203,3
DA:206,2
DA:207,2
DA:208,2
DA:209,2
DA:210,2
DA:213,3
DA:216,2
DA:217,2
DA:218,1
DA:220,1
DA:221,1
DA:222,1
DA:223,2
DA:224,1
DA:225,1
DA:226,2
DA:232,1
DA:233,1
DA:234,1
DA:235,1
DA:238,2
LF:102
LH:97
end_of_record
SF:lib\operator\operatorEditParkingFee_screen.dart
DA:8,54
DA:10,2
DA:11,2
DA:36,2
DA:38,2
DA:39,2
DA:42,2
DA:43,2
DA:44,4
DA:45,4
DA:46,4
DA:50,2
DA:51,2
DA:57,2
DA:58,2
DA:61,2
DA:62,2
DA:68,2
DA:69,2
DA:75,2
DA:76,2
DA:79,2
DA:80,2
DA:86,2
DA:87,2
DA:88,2
DA:92,2
DA:93,2
DA:94,4
DA:95,2
DA:96,4
DA:97,2
DA:98,2
DA:99,1
DA:100,2
DA:101,1
DA:103,1
DA:112,1
DA:113,2
DA:114,1
DA:115,1
DA:118,1
DA:119,1
DA:120,1
DA:121,3
DA:122,3
DA:123,3
DA:124,3
DA:126,1
DA:127,1
DA:128,3
DA:132,1
DA:133,2
DA:134,1
DA:135,1
DA:138,2
DA:139,0
DA:140,0
DA:143,0
DA:146,2
DA:147,0
DA:148,0
DA:152,3
DA:154,3
DA:158,2
DA:160,2
DA:161,2
DA:171,2
DA:172,2
DA:174,2
DA:176,2
DA:184,2
DA:186,2
DA:187,4
DA:188,4
DA:189,2
DA:190,2
DA:191,2
DA:192,2
DA:196,2
DA:197,2
DA:198,2
DA:199,2
DA:207,2
DA:208,2
DA:209,2
DA:214,2
DA:215,2
DA:216,2
DA:221,2
DA:222,2
DA:223,2
DA:228,2
DA:229,2
DA:230,2
DA:235,2
DA:236,2
DA:238,2
DA:242,4
DA:243,2
DA:244,2
DA:245,2
DA:246,2
DA:247,2
DA:248,4
DA:249,2
DA:250,2
DA:251,4
DA:257,2
DA:258,2
DA:259,4
DA:260,2
DA:263,4
DA:266,2
LF:114
LH:109
end_of_record
SF:lib\operator\operatorUploadMap_screen.dart
DA:10,53
DA:12,1
DA:13,1
DA:28,1
DA:30,1
DA:31,1
DA:34,1
DA:35,1
DA:36,2
DA:37,2
DA:38,2
DA:39,3
DA:43,0
DA:44,0
DA:46,0
DA:47,0
DA:52,1
DA:53,2
DA:54,1
DA:55,1
DA:58,1
DA:59,2
DA:60,1
DA:61,1
DA:66,0
DA:67,0
DA:68,0
DA:69,0
DA:70,0
DA:71,0
DA:72,0
DA:75,0
DA:76,0
DA:77,0
DA:79,0
DA:80,0
DA:81,0
DA:84,0
DA:86,0
DA:87,0
DA:91,0
DA:93,0
DA:97,1
DA:98,1
DA:104,1
DA:105,1
DA:108,1
DA:109,1
DA:115,1
DA:117,1
DA:118,1
DA:128,1
DA:129,1
DA:131,1
DA:133,1
DA:139,3
DA:141,3
DA:143,3
DA:145,3
DA:148,1
DA:149,1
DA:150,1
DA:152,1
DA:153,1
DA:154,1
DA:156,1
DA:158,1
DA:159,1
DA:160,1
DA:169,2
DA:170,2
DA:171,1
DA:173,1
DA:174,1
DA:175,1
DA:176,2
DA:177,1
DA:178,1
DA:179,2
DA:185,1
DA:186,1
DA:187,2
DA:188,1
DA:190,2
DA:193,1
LF:85
LH:63
end_of_record
SF:lib\config\api_config.dart
DA:6,31
DA:11,9
DA:12,6
DA:13,3
DA:14,6
DA:15,3
DA:16,6
DA:17,3
DA:18,9
DA:19,6
DA:20,9
DA:21,6
DA:24,27
DA:25,3
DA:28,3
DA:29,6
DA:30,3
DA:31,5
DA:32,10
DA:33,6
DA:34,0
DA:39,0
DA:40,0
DA:42,0
DA:43,0
DA:48,1
DA:55,4
DA:56,1
DA:58,1
DA:67,1
DA:77,4
DA:78,1
DA:80,1
DA:84,1
DA:85,1
DA:86,2
DA:90,0
DA:94,0
DA:95,0
DA:97,0
DA:102,0
DA:106,0
DA:107,0
DA:116,3
DA:117,3
DA:118,21
DA:119,9
DA:120,9
DA:123,3
DA:124,3
DA:125,3
DA:126,3
DA:129,6
DA:130,12
DA:131,3
DA:132,3
DA:135,12
DA:136,12
DA:137,9
DA:138,3
DA:141,0
DA:142,0
DA:143,1
DA:148,1
DA:149,2
DA:156,4
DA:157,8
DA:158,0
DA:159,0
DA:162,3
DA:163,3
DA:164,6
DA:165,6
DA:166,6
DA:169,81
LF:75
LH:59
end_of_record
SF:lib\screens\splash_screen.dart
DA:7,50
DA:9,1
DA:10,1
DA:32,0
DA:34,0
DA:37,0
DA:42,0
DA:43,0
DA:46,0
DA:48,0
DA:54,0
DA:60,0
DA:66,0
DA:72,0
DA:78,0
DA:84,0
DA:90,0
DA:93,0
DA:94,0
DA:98,0
DA:101,0
DA:102,0
DA:106,0
DA:109,0
DA:110,0
DA:114,0
DA:117,0
DA:118,0
DA:122,0
DA:125,0
DA:126,0
DA:130,0
DA:133,0
DA:134,0
DA:138,0
DA:141,0
DA:142,0
DA:146,0
DA:149,0
DA:150,0
DA:155,0
DA:157,0
DA:160,0
DA:161,0
DA:164,0
DA:165,0
DA:168,0
DA:169,0
DA:172,0
DA:175,0
DA:176,0
DA:179,0
DA:180,0
DA:183,0
DA:185,0
DA:186,0
DA:187,0
DA:192,0
DA:194,0
DA:195,0
DA:196,0
DA:197,0
DA:198,0
DA:199,0
DA:200,0
DA:201,0
DA:204,0
DA:211,0
DA:214,0
DA:215,0
DA:216,0
DA:217,0
DA:218,0
DA:219,0
DA:220,0
DA:222,0
DA:223,0
DA:224,0
DA:227,0
DA:236,0
DA:238,0
DA:239,0
DA:253,0
DA:254,0
DA:256,0
DA:263,0
DA:265,0
DA:270,0
DA:277,0
DA:279,0
DA:284,0
DA:285,0
DA:291,0
DA:292,0
DA:293,0
DA:300,0
DA:301,0
DA:303,0
DA:305,0
DA:306,0
DA:307,0
DA:308,0
DA:309,0
DA:310,0
DA:311,0
DA:312,0
DA:315,0
DA:318,0
DA:319,0
DA:320,0
DA:326,0
DA:328,0
DA:330,0
DA:333,0
DA:334,0
DA:345,0
DA:348,0
DA:350,0
DA:372,0
DA:373,0
DA:374,0
DA:375,0
DA:398,0
DA:399,0
DA:400,0
DA:401,0
DA:417,0
DA:418,0
DA:419,0
DA:420,0
DA:421,0
DA:424,0
DA:425,0
DA:435,0
DA:436,0
DA:437,0
DA:438,0
DA:439,0
DA:440,0
DA:441,0
DA:442,0
DA:443,0
DA:444,0
DA:446,0
DA:447,0
DA:448,0
DA:449,0
DA:450,0
DA:451,0
DA:452,0
DA:456,0
DA:457,0
DA:458,0
DA:465,0
DA:466,0
DA:471,0
LF:156
LH:3
end_of_record
SF:lib\user\userDashboard_screen.dart
DA:12,99
DA:14,3
DA:15,3
DA:40,3
DA:42,3
DA:43,3
DA:46,3
DA:48,3
DA:49,3
DA:50,12
DA:53,3
DA:55,6
DA:56,3
DA:59,3
DA:61,3
DA:64,0
DA:66,0
DA:69,3
DA:70,3
DA:71,3
DA:76,2
DA:77,6
DA:78,2
DA:81,4
DA:82,0
DA:84,0
DA:86,0
DA:87,0
DA:89,0
DA:90,0
DA:92,0
DA:93,0
DA:95,0
DA:96,0
DA:97,0
DA:100,8
DA:103,0
DA:107,0
DA:108,0
DA:109,0
DA:110,0
DA:111,0
DA:116,0
DA:117,0
DA:118,0
DA:119,0
DA:120,0
DA:121,0
DA:128,3
DA:129,3
DA:131,3
DA:132,3
DA:133,3
DA:136,0
DA:138,0
DA:139,0
DA:140,0
DA:141,0
DA:142,0
DA:143,0
DA:146,0
DA:148,0
DA:154,3
DA:157,3
DA:158,3
DA:159,3
DA:162,0
DA:164,0
DA:165,0
DA:166,0
DA:167,0
DA:168,0
DA:169,0
DA:171,0
DA:174,0
DA:181,3
DA:182,3
DA:183,3
DA:184,3
DA:188,0
DA:191,0
DA:193,0
DA:194,0
DA:195,0
DA:197,0
DA:198,0
DA:199,0
DA:200,0
DA:201,0
DA:203,0
DA:204,0
DA:205,0
DA:206,0
DA:209,0
DA:212,0
DA:213,0
DA:214,0
DA:215,0
DA:216,0
DA:217,0
DA:235,1
DA:236,1
DA:237,1
DA:238,2
DA:239,1
DA:240,1
DA:242,3
DA:245,1
DA:247,3
DA:248,3
DA:251,1
DA:255,1
DA:256,1
DA:257,1
DA:258,1
DA:260,1
DA:261,1
DA:262,1
DA:263,1
DA:266,2
DA:270,1
DA:271,1
DA:274,2
DA:279,1
DA:280,1
DA:281,2
DA:284,1
DA:285,1
DA:286,2
DA:287,1
DA:288,1
DA:289,3
DA:291,1
DA:301,1
DA:302,1
DA:303,1
DA:306,0
DA:315,1
DA:316,1
DA:322,1
DA:323,1
DA:324,4
DA:337,1
DA:338,1
DA:340,1
DA:344,1
DA:345,1
DA:346,1
DA:350,1
DA:352,1
DA:353,1
DA:354,1
DA:356,1
DA:372,1
DA:373,1
DA:375,2
DA:376,1
DA:377,2
DA:378,1
DA:380,1
DA:382,1
DA:383,1
DA:384,1
DA:385,1
DA:392,1
DA:397,1
DA:399,1
DA:400,1
DA:403,1
DA:409,1
DA:416,1
DA:433,1
DA:434,1
DA:436,1
DA:437,2
DA:438,1
DA:440,1
DA:455,3
DA:456,4
DA:458,5
DA:460,3
DA:461,3
DA:465,3
DA:467,3
DA:468,3
DA:471,3
DA:472,3
DA:475,3
DA:476,3
DA:482,0
DA:483,0
DA:484,0
DA:486,0
DA:487,0
DA:488,0
DA:489,0
DA:495,0
DA:496,0
DA:497,0
DA:498,0
DA:510,3
DA:512,3
DA:515,3
DA:529,3
DA:538,3
DA:539,3
DA:541,3
DA:543,3
DA:545,3
DA:548,3
DA:550,3
DA:573,3
DA:576,3
DA:577,3
DA:578,3
DA:586,3
DA:587,3
DA:592,3
DA:594,3
DA:620,3
DA:622,3
DA:623,6
DA:624,6
DA:626,3
DA:627,3
DA:628,3
DA:629,3
DA:633,3
DA:634,3
DA:635,3
DA:636,3
DA:657,3
DA:659,3
DA:660,9
DA:661,6
DA:663,3
DA:664,1
DA:666,1
DA:667,2
DA:668,1
DA:690,3
DA:692,3
DA:693,9
DA:694,6
DA:696,3
DA:697,1
DA:699,1
DA:700,2
DA:701,1
DA:723,3
DA:724,3
DA:725,3
DA:726,3
DA:727,3
DA:728,6
DA:730,3
DA:731,3
DA:732,6
DA:734,6
DA:746,3
DA:749,3
DA:750,1
DA:751,3
DA:752,2
DA:753,1
DA:756,2
DA:765,2
DA:766,1
DA:770,1
DA:773,2
DA:775,1
DA:778,1
DA:779,4
DA:780,3
DA:781,3
DA:782,1
DA:785,4
DA:786,4
DA:787,3
DA:788,1
DA:791,2
DA:792,2
DA:793,2
DA:796,1
DA:797,1
DA:800,1
DA:812,3
DA:816,3
DA:817,3
LF:289
LH:213
end_of_record
SF:lib\user\userInitialMap_screen.dart
DA:4,50
DA:6,3
DA:8,3
DA:10,3
DA:20,3
DA:29,3
DA:30,3
DA:32,3
DA:56,3
DA:57,1
DA:58,1
DA:60,3
DA:63,3
DA:64,3
DA:76,3
DA:77,1
DA:78,1
LF:17
LH:17
end_of_record
SF:lib\user\qr_scanner_mobile.dart
DA:9,1
DA:14,1
DA:17,1
LF:3
LH:3
end_of_record
SF:lib\models\parking_map.dart
DA:13,3
DA:26,1
DA:27,1
DA:28,1
DA:29,1
DA:30,2
DA:31,2
DA:32,2
DA:33,2
DA:34,2
DA:35,2
DA:36,2
DA:37,2
LF:13
LH:13
end_of_record
SF:lib\widgets\parkingMap\renderMap.dart
DA:14,2
DA:27,2
DA:32,2
DA:33,1
DA:36,1
DA:39,1
DA:42,1
DA:45,2
DA:46,1
DA:49,1
DA:52,1
DA:55,1
DA:58,2
DA:59,2
DA:60,2
DA:67,2
DA:69,4
DA:70,4
DA:72,2
DA:74,2
DA:75,2
DA:77,2
DA:78,2
DA:81,2
DA:82,2
DA:83,2
DA:86,2
DA:87,2
DA:93,2
DA:94,2
DA:95,6
DA:106,6
DA:107,4
DA:108,4
DA:109,2
DA:110,4
DA:111,4
DA:112,4
DA:113,4
DA:116,4
DA:117,8
DA:127,6
DA:128,8
DA:129,4
DA:135,4
DA:136,8
DA:137,4
DA:138,2
DA:139,2
DA:140,3
DA:141,4
DA:142,4
DA:145,4
DA:146,2
DA:147,2
DA:148,3
DA:149,0
DA:150,0
DA:151,0
DA:158,4
DA:159,2
DA:160,2
DA:161,3
DA:162,0
DA:163,0
DA:164,0
DA:173,4
DA:175,8
DA:176,4
DA:177,2
DA:178,2
DA:179,3
DA:180,4
DA:181,4
DA:190,6
DA:191,8
DA:196,6
DA:197,8
DA:198,2
DA:199,2
DA:202,2
DA:205,2
DA:206,2
DA:210,6
DA:211,4
DA:212,1
DA:213,3
DA:225,6
DA:226,8
DA:232,6
DA:233,4
DA:234,4
DA:235,2
DA:236,4
DA:237,4
DA:238,4
DA:239,4
DA:242,4
DA:243,10
DA:258,6
DA:259,2
DA:260,2
DA:263,4
DA:266,6
DA:267,2
DA:268,8
DA:270,2
DA:279,6
DA:280,4
DA:281,6
DA:282,6
DA:283,2
DA:285,4
DA:286,6
DA:287,6
DA:291,2
DA:294,4
DA:309,6
DA:310,2
DA:311,2
DA:314,4
DA:317,1
DA:318,2
DA:319,2
DA:324,2
DA:329,1
DA:330,1
DA:331,1
DA:332,2
DA:333,1
DA:334,1
DA:336,2
DA:343,1
DA:347,1
DA:354,1
DA:357,8
DA:374,2
DA:375,1
DA:376,1
DA:379,1
DA:380,1
DA:383,1
DA:386,0
DA:389,0
DA:392,0
DA:397,0
DA:401,1
DA:403,1
DA:405,1
DA:408,1
DA:411,1
DA:414,1
DA:417,1
DA:420,1
DA:423,1
DA:428,0
DA:432,1
DA:448,0
DA:449,0
DA:450,0
DA:452,0
DA:454,0
DA:467,2
DA:473,2
DA:475,2
DA:477,2
DA:479,5
DA:480,4
DA:481,6
DA:487,2
DA:490,2
DA:491,2
DA:493,2
DA:503,5
DA:504,4
DA:505,2
DA:506,3
DA:518,2
DA:519,2
DA:521,4
DA:522,4
DA:523,4
DA:524,4
DA:525,2
DA:528,4
DA:530,4
DA:532,2
DA:533,4
DA:534,2
DA:535,2
DA:537,2
DA:538,2
DA:539,2
LF:193
LH:177
end_of_record
SF:lib\operator\operatorCheckAndEditLotInfo_screen.dart
DA:11,1
DA:21,1
DA:22,1
DA:31,1
DA:33,1
DA:34,3
DA:35,4
DA:38,1
DA:40,2
DA:41,1
DA:44,1
DA:49,1
DA:51,1
DA:57,1
DA:60,1
DA:61,5
DA:64,1
DA:65,1
DA:66,1
DA:68,1
DA:69,3
DA:71,2
DA:73,1
DA:74,1
DA:76,2
DA:77,1
DA:82,4
DA:85,1
DA:86,1
DA:87,1
DA:89,1
DA:91,5
DA:94,5
DA:96,5
DA:98,5
DA:101,1
DA:102,1
DA:103,1
DA:104,1
DA:105,2
DA:106,1
DA:111,1
DA:112,1
DA:113,3
DA:114,1
DA:115,2
DA:121,1
DA:122,1
DA:123,3
DA:126,1
DA:127,1
DA:128,1
DA:130,1
DA:131,2
DA:132,1
LF:55
LH:55
end_of_record
SF:lib\widgets\parkingMap\legend.dart
DA:10,61
DA:19,1
DA:21,1
DA:23,1
DA:25,2
DA:26,1
DA:28,1
DA:29,1
DA:32,1
DA:43,1
DA:46,1
DA:47,1
DA:48,1
DA:49,1
DA:50,1
DA:51,1
DA:52,1
DA:53,1
DA:54,1
DA:55,1
DA:56,1
DA:57,1
DA:62,1
DA:63,1
DA:66,1
DA:67,1
DA:68,1
DA:69,2
DA:71,1
DA:74,1
DA:77,1
DA:78,1
DA:79,1
DA:93,1
DA:94,1
DA:95,1
DA:96,1
DA:98,1
DA:99,1
DA:100,1
DA:103,1
DA:107,1
DA:108,1
DA:114,1
DA:115,1
DA:117,1
DA:118,1
DA:121,1
DA:125,1
DA:126,1
DA:143,1
DA:144,1
DA:147,1
DA:148,1
DA:149,1
DA:150,2
DA:152,1
DA:154,1
DA:155,1
DA:158,1
DA:160,1
DA:161,1
DA:163,1
DA:167,1
DA:177,0
DA:178,0
LF:66
LH:64
end_of_record
SF:lib\user\qr_scanner_stub.dart
DA:3,1
DA:20,1
DA:28,1
DA:31,1
DA:32,1
DA:34,1
DA:35,2
DA:37,1
DA:40,1
LF:9
LH:9
end_of_record
SF:lib\user\qr_scanner_web.dart
DA:3,1
DA:8,1
DA:10,1
DA:12,1
DA:14,1
DA:15,1
DA:17,1
DA:42,1
LF:8
LH:8
end_of_record
